#
# There is insufficient memory for the Java Runtime Environment to continue.
# Native memory allocation (malloc) failed to allocate 2097152 bytes for AllocateHeap
# Possible reasons:
#   The system is out of physical RAM or swap space
#   The process is running with CompressedOops enabled, and the Java Heap may be blocking the growth of the native heap
# Possible solutions:
#   Reduce memory load on the system
#   Increase physical memory or swap space
#   Check if swap backing store is full
#   Decrease Java heap size (-Xmx/-Xms)
#   Decrease number of Java threads
#   Decrease Java thread stack sizes (-Xss)
#   Set larger code cache with -XX:ReservedCodeCacheSize=
#   JVM is running with Unscaled Compressed Oops mode in which the Java heap is
#     placed in the first 4GB address space. The Java Heap base address is the
#     maximum limit for the native heap growth. Please use -XX:HeapBaseMinAddress
#     to set the Java Heap base and to place the Java Heap above 4GB virtual address.
# This output file may be truncated or incomplete.
#
#  Out of Memory Error (allocation.cpp:44), pid=8612, tid=16676
#
# JRE version: Java(TM) SE Runtime Environment (21.0.4+8) (build 21.0.4+8-LTS-274)
# Java VM: Java HotSpot(TM) 64-Bit Server VM (21.0.4+8-LTS-274, mixed mode, emulated-client, sharing, tiered, compressed oops, compressed class ptrs, g1 gc, windows-amd64)
# No core dump will be written. Minidumps are not enabled by default on client versions of Windows
#

---------------  S U M M A R Y ------------

Command Line: -XX:TieredStopAtLevel=1 -Dspring.output.ansi.enabled=always -Dcom.sun.management.jmxremote -Dspring.jmx.enabled=true -Dspring.liveBeansView.mbeanDomain -Dspring.application.admin.enabled=true -Dmanagement.endpoints.jmx.exposure.include=* -javaagent:D:\Downloads\IntelliJ IDEA 2024.2.3\lib\idea_rt.jar=62041:D:\Downloads\IntelliJ IDEA 2024.2.3\bin -Dfile.encoding=UTF-8 -Dsun.stdout.encoding=UTF-8 -Dsun.stderr.encoding=UTF-8 SE2.flightBooking.FlightBookingApplication

Host: 12th Gen Intel(R) Core(TM) i5-1240P, 16 cores, 7G,  Windows 11 , 64 bit Build 22621 (10.0.22621.3958)
Time: Wed Apr 16 11:24:26 2025 SE Asia Standard Time elapsed time: 1235.068268 seconds (0d 0h 20m 35s)

---------------  T H R E A D  ---------------

Current thread (0x000002c8bcacadd0):  VMThread "VM Thread"          [id=16676, stack(0x000000f25fa00000,0x000000f25fb00000) (1024K)]

Stack: [0x000000f25fa00000,0x000000f25fb00000]
Native frames: (J=compiled Java code, j=interpreted, Vv=VM code, C=native code)
V  [jvm.dll+0x6c8e59]
V  [jvm.dll+0x853181]
V  [jvm.dll+0x8556ae]
V  [jvm.dll+0x855d83]
V  [jvm.dll+0x27d526]
V  [jvm.dll+0xbf657]
V  [jvm.dll+0x34353e]
V  [jvm.dll+0x33de8e]
V  [jvm.dll+0x326908]
V  [jvm.dll+0x369764]
V  [jvm.dll+0x85bb50]
V  [jvm.dll+0x85ced4]
V  [jvm.dll+0x85d410]
V  [jvm.dll+0x85d6b3]
V  [jvm.dll+0x7fd65b]
V  [jvm.dll+0x6c753d]
C  [ucrtbase.dll+0x29333]
C  [KERNEL32.DLL+0x1257d]
C  [ntdll.dll+0x5af28]

VM_Operation (0x000000f25f0ff130): G1CollectFull, mode: safepoint, requested by thread 0x000002c885caac80


---------------  P R O C E S S  ---------------

Threads class SMR info:
_java_thread_list=0x000002c8ff658320, length=16, elements={
0x000002c8bcae1870, 0x000002c8bcae2590, 0x000002c8bcae8630, 0x000002c8bcaefb00,
0x000002c8bcaf08c0, 0x000002c8bcafef60, 0x000002c8bcb1f790, 0x000002c8bcc0a500,
0x000002c8bcc0ab90, 0x000002c8bcc0b220, 0x000002c8bcc08430, 0x000002c8bcc09150,
0x000002c884215320, 0x000002c8842159b0, 0x000002c885cac6c0, 0x000002c885caac80
}

Java Threads: ( => current thread )
  0x000002c8bcae1870 JavaThread "Reference Handler"          daemon [_thread_blocked, id=22540, stack(0x000000f25fb00000,0x000000f25fc00000) (1024K)]
  0x000002c8bcae2590 JavaThread "Finalizer"                  daemon [_thread_blocked, id=10880, stack(0x000000f25fc00000,0x000000f25fd00000) (1024K)]
  0x000002c8bcae8630 JavaThread "Signal Dispatcher"          daemon [_thread_blocked, id=24332, stack(0x000000f25fd00000,0x000000f25fe00000) (1024K)]
  0x000002c8bcaefb00 JavaThread "Attach Listener"            daemon [_thread_blocked, id=16608, stack(0x000000f25fe00000,0x000000f25ff00000) (1024K)]
  0x000002c8bcaf08c0 JavaThread "Service Thread"             daemon [_thread_blocked, id=14648, stack(0x000000f25ff00000,0x000000f260000000) (1024K)]
  0x000002c8bcafef60 JavaThread "Monitor Deflation Thread"   daemon [_thread_blocked, id=22332, stack(0x000000f260000000,0x000000f260100000) (1024K)]
  0x000002c8bcb1f790 JavaThread "C1 CompilerThread0"         daemon [_thread_blocked, id=3204, stack(0x000000f260100000,0x000000f260200000) (1024K)]
  0x000002c8bcc0a500 JavaThread "Common-Cleaner"             daemon [_thread_blocked, id=21884, stack(0x000000f260200000,0x000000f260300000) (1024K)]
  0x000002c8bcc0ab90 JavaThread "Monitor Ctrl-Break"         daemon [_thread_in_native, id=15884, stack(0x000000f260700000,0x000000f260800000) (1024K)]
  0x000002c8bcc0b220 JavaThread "Notification Thread"        daemon [_thread_blocked, id=14664, stack(0x000000f260800000,0x000000f260900000) (1024K)]
  0x000002c8bcc08430 JavaThread "RMI TCP Accept-0"           daemon [_thread_in_native, id=2740, stack(0x000000f260b00000,0x000000f260c00000) (1024K)]
  0x000002c8bcc09150 JavaThread "RMI Scheduler(0)"           daemon [_thread_blocked, id=20888, stack(0x000000f261500000,0x000000f261600000) (1024K)]
  0x000002c884215320 JavaThread "mysql-cj-abandoned-connection-cleanup" daemon [_thread_blocked, id=21920, stack(0x000000f262100000,0x000000f262200000) (1024K)]
  0x000002c8842159b0 JavaThread "Live Reload Server"         daemon [_thread_in_native, id=20380, stack(0x000000f262700000,0x000000f262800000) (1024K)]
  0x000002c885cac6c0 JavaThread "DestroyJavaVM"                     [_thread_blocked, id=6388, stack(0x000000f25f300000,0x000000f25f400000) (1024K)]
  0x000002c885caac80 JavaThread "Thread-5"                          [_thread_blocked, id=17548, stack(0x000000f25f000000,0x000000f25f100000) (1024K)]
Total: 16

Other Threads:
=>0x000002c8bcacadd0 VMThread "VM Thread"                           [id=16676, stack(0x000000f25fa00000,0x000000f25fb00000) (1024K)]
  0x000002c8bc782430 WatcherThread "VM Periodic Task Thread"        [id=19572, stack(0x000000f25f900000,0x000000f25fa00000) (1024K)]
  0x000002c8ab944090 WorkerThread "GC Thread#0"                     [id=7904, stack(0x000000f25f400000,0x000000f25f500000) (1024K)]
  0x000002c8fe70d630 WorkerThread "GC Thread#1"                     [id=14684, stack(0x000000f260c00000,0x000000f260d00000) (1024K)]
  0x000002c8fe741440 WorkerThread "GC Thread#2"                     [id=22992, stack(0x000000f260d00000,0x000000f260e00000) (1024K)]
  0x000002c8fe7417e0 WorkerThread "GC Thread#3"                     [id=12372, stack(0x000000f260e00000,0x000000f260f00000) (1024K)]
  0x000002c8fe741b80 WorkerThread "GC Thread#4"                     [id=23112, stack(0x000000f260f00000,0x000000f261000000) (1024K)]
  0x000002c8fe741f20 WorkerThread "GC Thread#5"                     [id=11508, stack(0x000000f261000000,0x000000f261100000) (1024K)]
  0x000002c8fe7422c0 WorkerThread "GC Thread#6"                     [id=22620, stack(0x000000f261100000,0x000000f261200000) (1024K)]
  0x000002c8fef7bbd0 WorkerThread "GC Thread#7"                     [id=9212, stack(0x000000f261700000,0x000000f261800000) (1024K)]
  0x000002c8fef7c380 WorkerThread "GC Thread#8"                     [id=23164, stack(0x000000f261800000,0x000000f261900000) (1024K)]
  0x000002c8fef7c720 WorkerThread "GC Thread#9"                     [id=2016, stack(0x000000f261900000,0x000000f261a00000) (1024K)]
  0x000002c8fef7ceb0 WorkerThread "GC Thread#10"                    [id=17592, stack(0x000000f261a00000,0x000000f261b00000) (1024K)]
  0x000002c8fef7dd30 WorkerThread "GC Thread#11"                    [id=16988, stack(0x000000f261b00000,0x000000f261c00000) (1024K)]
  0x000002c8fef7cb10 WorkerThread "GC Thread#12"                    [id=19248, stack(0x000000f261e00000,0x000000f261f00000) (1024K)]
  0x000002c8ab954630 ConcurrentGCThread "G1 Main Marker"            [id=23000, stack(0x000000f25f500000,0x000000f25f600000) (1024K)]
  0x000002c8ab9552e0 WorkerThread "G1 Conc#0"                       [id=23128, stack(0x000000f25f600000,0x000000f25f700000) (1024K)]
  0x000002c8fef7e0d0 WorkerThread "G1 Conc#1"                       [id=17460, stack(0x000000f261c00000,0x000000f261d00000) (1024K)]
  0x000002c8fef7e470 WorkerThread "G1 Conc#2"                       [id=14980, stack(0x000000f261d00000,0x000000f261e00000) (1024K)]
  0x000002c8bc65a010 ConcurrentGCThread "G1 Refine#0"               [id=24520, stack(0x000000f25f700000,0x000000f25f800000) (1024K)]
  0x000002c8bc65ab80 ConcurrentGCThread "G1 Service"                [id=13976, stack(0x000000f25f800000,0x000000f25f900000) (1024K)]
Total: 21

Threads with active compile tasks:
C1 CompilerThread0  1235140 11709  s    1       org.apache.catalina.util.LifecycleBase::setStateInternal (144 bytes)
Total: 1

VM state: at safepoint (normal execution)

VM Mutex/Monitor currently owned by a thread:  ([mutex/lock_event])
[0x00007fffdc927e98] Threads_lock - owner thread: 0x000002c8bcacadd0
[0x00007fffdc927f98] Heap_lock - owner thread: 0x000002c885caac80

Heap address: 0x0000000085200000, size: 1966 MB, Compressed Oops mode: 32-bit

CDS archive(s) mapped at: [0x000002c8bd000000-0x000002c8bdc90000-0x000002c8bdc90000), size 13172736, SharedBaseAddress: 0x000002c8bd000000, ArchiveRelocationMode: 1.
Compressed class space mapped at: 0x000002c8be000000-0x000002c8fe000000, reserved size: 1073741824
Narrow klass base: 0x000002c8bd000000, Narrow klass shift: 0, Narrow klass range: 0x100000000

GC Precious Log:
 CardTable entry size: 512
 Card Set container configuration: InlinePtr #cards 5 size 8 Array Of Cards #cards 12 size 40 Howl #buckets 4 coarsen threshold 1843 Howl Bitmap #cards 512 size 80 coarsen threshold 460 Card regions per heap region 1 cards per card region 2048
 CPUs: 16 total, 16 available
 Memory: 7860M
 Large Page Support: Disabled
 NUMA Support: Disabled
 Compressed Oops: Enabled (32-bit)
 Heap Region Size: 1M
 Heap Min Capacity: 8M
 Heap Initial Capacity: 124M
 Heap Max Capacity: 1966M
 Pre-touch: Disabled
 Parallel Workers: 13
 Concurrent Workers: 3
 Concurrent Refinement Workers: 13
 Periodic GC: Disabled

Heap:
 garbage-first heap   total 93184K, used 55513K [0x0000000085200000, 0x0000000100000000)
  region size 1024K, 16 young (16384K), 2 survivors (2048K)
 Metaspace       used 87385K, committed 88704K, reserved 1179648K
  class space    used 12603K, committed 13120K, reserved 1048576K

Heap Regions: E=young(eden), S=young(survivor), O=old, HS=humongous(starts), HC=humongous(continues), CS=collection set, F=free, TAMS=top-at-mark-start, PB=parsable bottom
|   0|0x0000000085200000, 0x0000000085300000, 0x0000000085300000|100%|HS|  |TAMS 0x0000000085200000| PB 0x0000000085200000| Complete 
|   1|0x0000000085300000, 0x0000000085400000, 0x0000000085400000|100%|HS|  |TAMS 0x0000000085300000| PB 0x0000000085300000| Complete 
|   2|0x0000000085400000, 0x0000000085500000, 0x0000000085500000|100%| O|  |TAMS 0x0000000085400000| PB 0x0000000085400000| Untracked 
|   3|0x0000000085500000, 0x0000000085600000, 0x0000000085600000|100%| O|  |TAMS 0x0000000085500000| PB 0x0000000085500000| Untracked 
|   4|0x0000000085600000, 0x0000000085700000, 0x0000000085700000|100%| O|  |TAMS 0x0000000085600000| PB 0x0000000085600000| Untracked 
|   5|0x0000000085700000, 0x0000000085800000, 0x0000000085800000|100%| O|  |TAMS 0x0000000085700000| PB 0x0000000085700000| Untracked 
|   6|0x0000000085800000, 0x0000000085900000, 0x0000000085900000|100%| O|  |TAMS 0x0000000085800000| PB 0x0000000085800000| Untracked 
|   7|0x0000000085900000, 0x0000000085a00000, 0x0000000085a00000|100%| O|  |TAMS 0x0000000085900000| PB 0x0000000085900000| Untracked 
|   8|0x0000000085a00000, 0x0000000085b00000, 0x0000000085b00000|100%| O|  |TAMS 0x0000000085a00000| PB 0x0000000085a00000| Untracked 
|   9|0x0000000085b00000, 0x0000000085c00000, 0x0000000085c00000|100%| O|  |TAMS 0x0000000085b00000| PB 0x0000000085b00000| Untracked 
|  10|0x0000000085c00000, 0x0000000085d00000, 0x0000000085d00000|100%| O|  |TAMS 0x0000000085c00000| PB 0x0000000085c00000| Untracked 
|  11|0x0000000085d00000, 0x0000000085e00000, 0x0000000085e00000|100%| O|  |TAMS 0x0000000085d00000| PB 0x0000000085d00000| Untracked 
|  12|0x0000000085e00000, 0x0000000085f00000, 0x0000000085f00000|100%| O|  |TAMS 0x0000000085e00000| PB 0x0000000085e00000| Untracked 
|  13|0x0000000085f00000, 0x0000000086000000, 0x0000000086000000|100%| O|  |TAMS 0x0000000085f00000| PB 0x0000000085f00000| Untracked 
|  14|0x0000000086000000, 0x0000000086100000, 0x0000000086100000|100%| O|  |TAMS 0x0000000086000000| PB 0x0000000086000000| Untracked 
|  15|0x0000000086100000, 0x0000000086200000, 0x0000000086200000|100%| O|  |TAMS 0x0000000086100000| PB 0x0000000086100000| Untracked 
|  16|0x0000000086200000, 0x00000000862d9a00, 0x0000000086300000| 85%| O|  |TAMS 0x0000000086200000| PB 0x0000000086200000| Untracked 
|  17|0x0000000086300000, 0x0000000086300000, 0x0000000086400000|  0%| F|  |TAMS 0x0000000086300000| PB 0x0000000086300000| Untracked 
|  18|0x0000000086400000, 0x0000000086500000, 0x0000000086500000|100%| O|  |TAMS 0x0000000086400000| PB 0x0000000086400000| Untracked 
|  19|0x0000000086500000, 0x0000000086600000, 0x0000000086600000|100%| O|  |TAMS 0x0000000086500000| PB 0x0000000086500000| Untracked 
|  20|0x0000000086600000, 0x0000000086700000, 0x0000000086700000|100%| O|  |TAMS 0x0000000086600000| PB 0x0000000086600000| Untracked 
|  21|0x0000000086700000, 0x0000000086800000, 0x0000000086800000|100%| O|  |TAMS 0x0000000086700000| PB 0x0000000086700000| Untracked 
|  22|0x0000000086800000, 0x0000000086900000, 0x0000000086900000|100%| O|  |TAMS 0x0000000086800000| PB 0x0000000086800000| Untracked 
|  23|0x0000000086900000, 0x0000000086a00000, 0x0000000086a00000|100%| O|  |TAMS 0x0000000086900000| PB 0x0000000086900000| Untracked 
|  24|0x0000000086a00000, 0x0000000086b00000, 0x0000000086b00000|100%| O|  |TAMS 0x0000000086a00000| PB 0x0000000086a00000| Untracked 
|  25|0x0000000086b00000, 0x0000000086c00000, 0x0000000086c00000|100%| O|  |TAMS 0x0000000086b00000| PB 0x0000000086b00000| Untracked 
|  26|0x0000000086c00000, 0x0000000086d00000, 0x0000000086d00000|100%| O|  |TAMS 0x0000000086c00000| PB 0x0000000086c00000| Untracked 
|  27|0x0000000086d00000, 0x0000000086e00000, 0x0000000086e00000|100%| O|  |TAMS 0x0000000086d00000| PB 0x0000000086d00000| Untracked 
|  28|0x0000000086e00000, 0x0000000086f00000, 0x0000000086f00000|100%| O|  |TAMS 0x0000000086e00000| PB 0x0000000086e00000| Untracked 
|  29|0x0000000086f00000, 0x0000000087000000, 0x0000000087000000|100%| O|  |TAMS 0x0000000086f00000| PB 0x0000000086f00000| Untracked 
|  30|0x0000000087000000, 0x0000000087100000, 0x0000000087100000|100%| O|  |TAMS 0x0000000087000000| PB 0x0000000087000000| Untracked 
|  31|0x0000000087100000, 0x0000000087200000, 0x0000000087200000|100%| O|  |TAMS 0x0000000087100000| PB 0x0000000087100000| Untracked 
|  32|0x0000000087200000, 0x0000000087300000, 0x0000000087300000|100%| O|  |TAMS 0x0000000087200000| PB 0x0000000087200000| Untracked 
|  33|0x0000000087300000, 0x0000000087300000, 0x0000000087400000|  0%| F|  |TAMS 0x0000000087300000| PB 0x0000000087300000| Untracked 
|  34|0x0000000087400000, 0x0000000087500000, 0x0000000087500000|100%| O|  |TAMS 0x0000000087400000| PB 0x0000000087400000| Untracked 
|  35|0x0000000087500000, 0x0000000087500000, 0x0000000087600000|  0%| F|  |TAMS 0x0000000087500000| PB 0x0000000087500000| Untracked 
|  36|0x0000000087600000, 0x0000000087600000, 0x0000000087700000|  0%| F|  |TAMS 0x0000000087600000| PB 0x0000000087600000| Untracked 
|  37|0x0000000087700000, 0x0000000087700000, 0x0000000087800000|  0%| F|  |TAMS 0x0000000087700000| PB 0x0000000087700000| Untracked 
|  38|0x0000000087800000, 0x0000000087900000, 0x0000000087900000|100%| O|  |TAMS 0x0000000087800000| PB 0x0000000087800000| Untracked 
|  39|0x0000000087900000, 0x0000000087900000, 0x0000000087a00000|  0%| F|  |TAMS 0x0000000087900000| PB 0x0000000087900000| Untracked 
|  40|0x0000000087a00000, 0x0000000087a5cdb0, 0x0000000087b00000| 36%| S|CS|TAMS 0x0000000087a00000| PB 0x0000000087a00000| Complete 
|  41|0x0000000087b00000, 0x0000000087c00000, 0x0000000087c00000|100%| S|CS|TAMS 0x0000000087b00000| PB 0x0000000087b00000| Complete 
|  42|0x0000000087c00000, 0x0000000087c00000, 0x0000000087d00000|  0%| F|  |TAMS 0x0000000087c00000| PB 0x0000000087c00000| Untracked 
|  43|0x0000000087d00000, 0x0000000087e00000, 0x0000000087e00000|100%| O|  |TAMS 0x0000000087d00000| PB 0x0000000087d00000| Untracked 
|  44|0x0000000087e00000, 0x0000000087f00000, 0x0000000087f00000|100%| O|  |TAMS 0x0000000087e00000| PB 0x0000000087e00000| Untracked 
|  45|0x0000000087f00000, 0x0000000087f00000, 0x0000000088000000|  0%| F|  |TAMS 0x0000000087f00000| PB 0x0000000087f00000| Untracked 
|  46|0x0000000088000000, 0x0000000088100000, 0x0000000088100000|100%| O|  |TAMS 0x0000000088000000| PB 0x0000000088000000| Untracked 
|  47|0x0000000088100000, 0x0000000088200000, 0x0000000088200000|100%| O|  |TAMS 0x0000000088100000| PB 0x0000000088100000| Untracked 
|  48|0x0000000088200000, 0x0000000088300000, 0x0000000088300000|100%| O|  |TAMS 0x0000000088200000| PB 0x0000000088200000| Untracked 
|  49|0x0000000088300000, 0x0000000088400000, 0x0000000088400000|100%| O|  |TAMS 0x0000000088300000| PB 0x0000000088300000| Untracked 
|  50|0x0000000088400000, 0x0000000088400000, 0x0000000088500000|  0%| F|  |TAMS 0x0000000088400000| PB 0x0000000088400000| Untracked 
|  51|0x0000000088500000, 0x0000000088500000, 0x0000000088600000|  0%| F|  |TAMS 0x0000000088500000| PB 0x0000000088500000| Untracked 
|  52|0x0000000088600000, 0x0000000088600000, 0x0000000088700000|  0%| F|  |TAMS 0x0000000088600000| PB 0x0000000088600000| Untracked 
|  53|0x0000000088700000, 0x0000000088700000, 0x0000000088800000|  0%| F|  |TAMS 0x0000000088700000| PB 0x0000000088700000| Untracked 
|  54|0x0000000088800000, 0x0000000088800000, 0x0000000088900000|  0%| F|  |TAMS 0x0000000088800000| PB 0x0000000088800000| Untracked 
|  55|0x0000000088900000, 0x0000000088900000, 0x0000000088a00000|  0%| F|  |TAMS 0x0000000088900000| PB 0x0000000088900000| Untracked 
|  56|0x0000000088a00000, 0x0000000088a00000, 0x0000000088b00000|  0%| F|  |TAMS 0x0000000088a00000| PB 0x0000000088a00000| Untracked 
|  57|0x0000000088b00000, 0x0000000088b00000, 0x0000000088c00000|  0%| F|  |TAMS 0x0000000088b00000| PB 0x0000000088b00000| Untracked 
|  58|0x0000000088c00000, 0x0000000088c00000, 0x0000000088d00000|  0%| F|  |TAMS 0x0000000088c00000| PB 0x0000000088c00000| Untracked 
|  59|0x0000000088d00000, 0x0000000088d00000, 0x0000000088e00000|  0%| F|  |TAMS 0x0000000088d00000| PB 0x0000000088d00000| Untracked 
|  60|0x0000000088e00000, 0x0000000088e00000, 0x0000000088f00000|  0%| F|  |TAMS 0x0000000088e00000| PB 0x0000000088e00000| Untracked 
|  61|0x0000000088f00000, 0x0000000088f00000, 0x0000000089000000|  0%| F|  |TAMS 0x0000000088f00000| PB 0x0000000088f00000| Untracked 
|  62|0x0000000089000000, 0x0000000089000000, 0x0000000089100000|  0%| F|  |TAMS 0x0000000089000000| PB 0x0000000089000000| Untracked 
|  63|0x0000000089100000, 0x0000000089100000, 0x0000000089200000|  0%| F|  |TAMS 0x0000000089100000| PB 0x0000000089100000| Untracked 
|  64|0x0000000089200000, 0x0000000089200000, 0x0000000089300000|  0%| F|  |TAMS 0x0000000089200000| PB 0x0000000089200000| Untracked 
|  65|0x0000000089300000, 0x0000000089300000, 0x0000000089400000|  0%| F|  |TAMS 0x0000000089300000| PB 0x0000000089300000| Untracked 
|  66|0x0000000089400000, 0x0000000089400000, 0x0000000089500000|  0%| F|  |TAMS 0x0000000089400000| PB 0x0000000089400000| Untracked 
|  67|0x0000000089500000, 0x0000000089500000, 0x0000000089600000|  0%| F|  |TAMS 0x0000000089500000| PB 0x0000000089500000| Untracked 
|  68|0x0000000089600000, 0x0000000089600000, 0x0000000089700000|  0%| F|  |TAMS 0x0000000089600000| PB 0x0000000089600000| Untracked 
|  69|0x0000000089700000, 0x0000000089700000, 0x0000000089800000|  0%| F|  |TAMS 0x0000000089700000| PB 0x0000000089700000| Untracked 
|  70|0x0000000089800000, 0x0000000089800000, 0x0000000089900000|  0%| F|  |TAMS 0x0000000089800000| PB 0x0000000089800000| Untracked 
|  71|0x0000000089900000, 0x0000000089900000, 0x0000000089a00000|  0%| F|  |TAMS 0x0000000089900000| PB 0x0000000089900000| Untracked 
|  72|0x0000000089a00000, 0x0000000089a00000, 0x0000000089b00000|  0%| F|  |TAMS 0x0000000089a00000| PB 0x0000000089a00000| Untracked 
|  73|0x0000000089b00000, 0x0000000089b00000, 0x0000000089c00000|  0%| F|  |TAMS 0x0000000089b00000| PB 0x0000000089b00000| Untracked 
|  74|0x0000000089c00000, 0x0000000089c00000, 0x0000000089d00000|  0%| F|  |TAMS 0x0000000089c00000| PB 0x0000000089c00000| Untracked 
|  75|0x0000000089d00000, 0x0000000089d00000, 0x0000000089e00000|  0%| F|  |TAMS 0x0000000089d00000| PB 0x0000000089d00000| Untracked 
|  76|0x0000000089e00000, 0x0000000089e00000, 0x0000000089f00000|  0%| F|  |TAMS 0x0000000089e00000| PB 0x0000000089e00000| Untracked 
|  77|0x0000000089f00000, 0x0000000089f84598, 0x000000008a000000| 51%| E|  |TAMS 0x0000000089f00000| PB 0x0000000089f00000| Complete 
|  78|0x000000008a000000, 0x000000008a100000, 0x000000008a100000|100%| E|CS|TAMS 0x000000008a000000| PB 0x000000008a000000| Complete 
|  79|0x000000008a100000, 0x000000008a200000, 0x000000008a200000|100%| E|CS|TAMS 0x000000008a100000| PB 0x000000008a100000| Complete 
|  80|0x000000008a200000, 0x000000008a300000, 0x000000008a300000|100%| E|CS|TAMS 0x000000008a200000| PB 0x000000008a200000| Complete 
|  81|0x000000008a300000, 0x000000008a400000, 0x000000008a400000|100%| E|CS|TAMS 0x000000008a300000| PB 0x000000008a300000| Complete 
|  82|0x000000008a400000, 0x000000008a500000, 0x000000008a500000|100%| E|CS|TAMS 0x000000008a400000| PB 0x000000008a400000| Complete 
|  83|0x000000008a500000, 0x000000008a600000, 0x000000008a600000|100%| E|CS|TAMS 0x000000008a500000| PB 0x000000008a500000| Complete 
|  84|0x000000008a600000, 0x000000008a700000, 0x000000008a700000|100%| E|CS|TAMS 0x000000008a600000| PB 0x000000008a600000| Complete 
|  85|0x000000008a700000, 0x000000008a800000, 0x000000008a800000|100%| E|CS|TAMS 0x000000008a700000| PB 0x000000008a700000| Complete 
|  86|0x000000008a800000, 0x000000008a900000, 0x000000008a900000|100%| E|CS|TAMS 0x000000008a800000| PB 0x000000008a800000| Complete 
|  87|0x000000008a900000, 0x000000008aa00000, 0x000000008aa00000|100%| E|CS|TAMS 0x000000008a900000| PB 0x000000008a900000| Complete 
| 104|0x000000008ba00000, 0x000000008bb00000, 0x000000008bb00000|100%| E|CS|TAMS 0x000000008ba00000| PB 0x000000008ba00000| Complete 
| 105|0x000000008bb00000, 0x000000008bc00000, 0x000000008bc00000|100%| E|CS|TAMS 0x000000008bb00000| PB 0x000000008bb00000| Complete 
| 123|0x000000008cd00000, 0x000000008ce00000, 0x000000008ce00000|100%| E|CS|TAMS 0x000000008cd00000| PB 0x000000008cd00000| Complete 

Card table byte_map: [0x000002c8b7780000,0x000002c8b7b60000] _byte_map_base: 0x000002c8b7357000

Marking Bits: (CMBitMap*) 0x000002c8ab944790
 Bits: [0x000002c8b7b60000, 0x000002c8b9a18000)

Polling page: 0x000002c8a97d0000

Metaspace:

Usage:
  Non-class:     73.03 MB used.
      Class:     12.31 MB used.
       Both:     85.34 MB used.

Virtual space:
  Non-class space:      128.00 MB reserved,      73.81 MB ( 58%) committed,  2 nodes.
      Class space:        1.00 GB reserved,      12.81 MB (  1%) committed,  1 nodes.
             Both:        1.12 GB reserved,      86.62 MB (  8%) committed. 

Chunk freelists:
   Non-Class:  6.30 MB
       Class:  3.33 MB
        Both:  9.63 MB

MaxMetaspaceSize: unlimited
CompressedClassSpaceSize: 1.00 GB
Initial GC threshold: 21.00 MB
Current GC threshold: 144.31 MB
CDS: on
 - commit_granule_bytes: 65536.
 - commit_granule_words: 8192.
 - virtual_space_node_default_size: 8388608.
 - enlarge_chunks_in_place: 1.
 - use_allocation_guard: 0.


Internal statistics:

num_allocs_failed_limit: 9.
num_arena_births: 1596.
num_arena_deaths: 528.
num_vsnodes_births: 3.
num_vsnodes_deaths: 0.
num_space_committed: 1386.
num_space_uncommitted: 0.
num_chunks_returned_to_freelist: 651.
num_chunks_taken_from_freelist: 4826.
num_chunk_merges: 173.
num_chunk_splits: 3333.
num_chunks_enlarged: 2505.
num_inconsistent_stats: 0.

CodeCache: size=49152Kb used=17221Kb max_used=19888Kb free=31930Kb
 bounds [0x000002c8b3d30000, 0x000002c8b5160000, 0x000002c8b6d30000]
 total_blobs=10569 nmethods=9773 adapters=718
 compilation: enabled
              stopped_count=0, restarted_count=0
 full_count=0

Compilation events (20 events):
Event: 1234.764 Thread 0x000002c8bcb1f790 11698       1       com.mysql.cj.conf.AbstractPropertyDefinition::getUpperBound (5 bytes)
Event: 1234.764 Thread 0x000002c8bcb1f790 nmethod 11698 0x000002c8b4a24b10 code [0x000002c8b4a24ca0, 0x000002c8b4a24d68]
Event: 1234.849 Thread 0x000002c8bcb1f790 11701       1       jdk.internal.reflect.ClassFileAssembler::opc_invokespecial (26 bytes)
Event: 1234.850 Thread 0x000002c8bcb1f790 nmethod 11701 0x000002c8b4a24490 code [0x000002c8b4a24660, 0x000002c8b4a248d0]
Event: 1234.850 Thread 0x000002c8bcb1f790 11702       1       jdk.internal.reflect.ClassFileAssembler::emitInt (46 bytes)
Event: 1234.850 Thread 0x000002c8bcb1f790 nmethod 11702 0x000002c8b4a23d10 code [0x000002c8b4a23ee0, 0x000002c8b4a241a8]
Event: 1234.883 Thread 0x000002c8bcb1f790 11703       1       java.lang.ClassLoader::getName (5 bytes)
Event: 1234.883 Thread 0x000002c8bcb1f790 nmethod 11703 0x000002c8b49aff90 code [0x000002c8b49b0120, 0x000002c8b49b01e8]
Event: 1234.887 Thread 0x000002c8bcb1f790 11704       1       java.lang.ClassValue$Entry::isPromise (14 bytes)
Event: 1234.888 Thread 0x000002c8bcb1f790 nmethod 11704 0x000002c8b49afc90 code [0x000002c8b49afe20, 0x000002c8b49afef8]
Event: 1234.918 Thread 0x000002c8bcb1f790 11705       1       java.io.DataOutputStream::incCount (20 bytes)
Event: 1234.918 Thread 0x000002c8bcb1f790 nmethod 11705 0x000002c8b49af990 code [0x000002c8b49afb20, 0x000002c8b49afc00]
Event: 1234.950 Thread 0x000002c8bcb1f790 11706       1       java.security.ProtectionDomain$Key::<init> (5 bytes)
Event: 1234.950 Thread 0x000002c8bcb1f790 nmethod 11706 0x000002c8b49af690 code [0x000002c8b49af820, 0x000002c8b49af8e8]
Event: 1234.958 Thread 0x000002c8bcb1f790 11707       1       java.io.ObjectStreamField::getOffset (5 bytes)
Event: 1234.958 Thread 0x000002c8bcb1f790 nmethod 11707 0x000002c8b49af390 code [0x000002c8b49af520, 0x000002c8b49af5e8]
Event: 1234.958 Thread 0x000002c8bcb1f790 11708       1       java.util.concurrent.ConcurrentHashMap::<init> (5 bytes)
Event: 1234.961 Thread 0x000002c8bcb1f790 nmethod 11708 0x000002c8b49af090 code [0x000002c8b49af220, 0x000002c8b49af2e8]
Event: 1235.057 Thread 0x000002c8bcb1f790 11709  s    1       org.apache.catalina.util.LifecycleBase::setStateInternal (144 bytes)
Event: 1235.060 Thread 0x000002c8bcb1f790 nmethod 11709 0x000002c8b49ae410 code [0x000002c8b49ae640, 0x000002c8b49aed70]

GC Heap History (20 events):
Event: 7.032 GC heap after
{Heap after GC invocations=22 (full 0):
 garbage-first heap   total 73728K, used 35883K [0x0000000085200000, 0x0000000100000000)
  region size 1024K, 1 young (1024K), 1 survivors (1024K)
 Metaspace       used 72742K, committed 73536K, reserved 1114112K
  class space    used 10577K, committed 10944K, reserved 1048576K
}
Event: 7.335 GC heap before
{Heap before GC invocations=23 (full 0):
 garbage-first heap   total 73728K, used 65579K [0x0000000085200000, 0x0000000100000000)
  region size 1024K, 30 young (30720K), 1 survivors (1024K)
 Metaspace       used 74042K, committed 74816K, reserved 1114112K
  class space    used 10750K, committed 11136K, reserved 1048576K
}
Event: 7.339 GC heap after
{Heap after GC invocations=24 (full 0):
 garbage-first heap   total 93184K, used 37247K [0x0000000085200000, 0x0000000100000000)
  region size 1024K, 2 young (2048K), 2 survivors (2048K)
 Metaspace       used 74042K, committed 74816K, reserved 1114112K
  class space    used 10750K, committed 11136K, reserved 1048576K
}
Event: 15.369 GC heap before
{Heap before GC invocations=24 (full 0):
 garbage-first heap   total 93184K, used 83327K [0x0000000085200000, 0x0000000100000000)
  region size 1024K, 48 young (49152K), 2 survivors (2048K)
 Metaspace       used 79732K, committed 80640K, reserved 1179648K
  class space    used 11578K, committed 11968K, reserved 1048576K
}
Event: 15.375 GC heap after
{Heap after GC invocations=25 (full 0):
 garbage-first heap   total 93184K, used 40787K [0x0000000085200000, 0x0000000100000000)
  region size 1024K, 6 young (6144K), 6 survivors (6144K)
 Metaspace       used 79732K, committed 80640K, reserved 1179648K
  class space    used 11578K, committed 11968K, reserved 1048576K
}
Event: 22.214 GC heap before
{Heap before GC invocations=25 (full 0):
 garbage-first heap   total 93184K, used 78675K [0x0000000085200000, 0x0000000100000000)
  region size 1024K, 44 young (45056K), 6 survivors (6144K)
 Metaspace       used 85186K, committed 86144K, reserved 1179648K
  class space    used 12324K, committed 12736K, reserved 1048576K
}
Event: 22.223 GC heap after
{Heap after GC invocations=26 (full 0):
 garbage-first heap   total 93184K, used 46951K [0x0000000085200000, 0x0000000100000000)
  region size 1024K, 6 young (6144K), 6 survivors (6144K)
 Metaspace       used 85186K, committed 86144K, reserved 1179648K
  class space    used 12324K, committed 12736K, reserved 1048576K
}
Event: 74.080 GC heap before
{Heap before GC invocations=27 (full 0):
 garbage-first heap   total 93184K, used 80743K [0x0000000085200000, 0x0000000100000000)
  region size 1024K, 39 young (39936K), 6 survivors (6144K)
 Metaspace       used 87624K, committed 88640K, reserved 1179648K
  class space    used 12668K, committed 13120K, reserved 1048576K
}
Event: 74.085 GC heap after
{Heap after GC invocations=28 (full 0):
 garbage-first heap   total 93184K, used 47362K [0x0000000085200000, 0x0000000100000000)
  region size 1024K, 3 young (3072K), 3 survivors (3072K)
 Metaspace       used 87624K, committed 88640K, reserved 1179648K
  class space    used 12668K, committed 13120K, reserved 1048576K
}
Event: 279.010 GC heap before
{Heap before GC invocations=28 (full 0):
 garbage-first heap   total 93184K, used 81154K [0x0000000085200000, 0x0000000100000000)
  region size 1024K, 37 young (37888K), 3 survivors (3072K)
 Metaspace       used 87626K, committed 88640K, reserved 1179648K
  class space    used 12668K, committed 13120K, reserved 1048576K
}
Event: 279.084 GC heap after
{Heap after GC invocations=29 (full 0):
 garbage-first heap   total 93184K, used 46333K [0x0000000085200000, 0x0000000100000000)
  region size 1024K, 2 young (2048K), 2 survivors (2048K)
 Metaspace       used 87626K, committed 88640K, reserved 1179648K
  class space    used 12668K, committed 13120K, reserved 1048576K
}
Event: 540.281 GC heap before
{Heap before GC invocations=29 (full 0):
 garbage-first heap   total 93184K, used 84221K [0x0000000085200000, 0x0000000100000000)
  region size 1024K, 39 young (39936K), 2 survivors (2048K)
 Metaspace       used 87626K, committed 88640K, reserved 1179648K
  class space    used 12668K, committed 13120K, reserved 1048576K
}
Event: 540.345 GC heap after
{Heap after GC invocations=30 (full 0):
 garbage-first heap   total 93184K, used 46170K [0x0000000085200000, 0x0000000100000000)
  region size 1024K, 2 young (2048K), 2 survivors (2048K)
 Metaspace       used 87626K, committed 88640K, reserved 1179648K
  class space    used 12668K, committed 13120K, reserved 1048576K
}
Event: 713.169 GC heap before
{Heap before GC invocations=31 (full 0):
 garbage-first heap   total 93184K, used 83034K [0x0000000085200000, 0x0000000100000000)
  region size 1024K, 39 young (39936K), 2 survivors (2048K)
 Metaspace       used 87112K, committed 88640K, reserved 1179648K
  class space    used 12541K, committed 13120K, reserved 1048576K
}
Event: 713.183 GC heap after
{Heap after GC invocations=32 (full 0):
 garbage-first heap   total 93184K, used 46508K [0x0000000085200000, 0x0000000100000000)
  region size 1024K, 2 young (2048K), 2 survivors (2048K)
 Metaspace       used 87112K, committed 88640K, reserved 1179648K
  class space    used 12541K, committed 13120K, reserved 1048576K
}
Event: 869.426 GC heap before
{Heap before GC invocations=32 (full 0):
 garbage-first heap   total 93184K, used 84396K [0x0000000085200000, 0x0000000100000000)
  region size 1024K, 39 young (39936K), 2 survivors (2048K)
 Metaspace       used 87145K, committed 88640K, reserved 1179648K
  class space    used 12549K, committed 13120K, reserved 1048576K
}
Event: 869.472 GC heap after
{Heap after GC invocations=33 (full 0):
 garbage-first heap   total 93184K, used 42669K [0x0000000085200000, 0x0000000100000000)
  region size 1024K, 2 young (2048K), 2 survivors (2048K)
 Metaspace       used 87145K, committed 88640K, reserved 1179648K
  class space    used 12549K, committed 13120K, reserved 1048576K
}
Event: 1159.447 GC heap before
{Heap before GC invocations=33 (full 0):
 garbage-first heap   total 93184K, used 84653K [0x0000000085200000, 0x0000000100000000)
  region size 1024K, 43 young (44032K), 2 survivors (2048K)
 Metaspace       used 87145K, committed 88640K, reserved 1179648K
  class space    used 12549K, committed 13120K, reserved 1048576K
}
Event: 1159.512 GC heap after
{Heap after GC invocations=34 (full 0):
 garbage-first heap   total 93184K, used 42201K [0x0000000085200000, 0x0000000100000000)
  region size 1024K, 2 young (2048K), 2 survivors (2048K)
 Metaspace       used 87145K, committed 88640K, reserved 1179648K
  class space    used 12549K, committed 13120K, reserved 1048576K
}
Event: 1235.060 GC heap before
{Heap before GC invocations=34 (full 0):
 garbage-first heap   total 93184K, used 55513K [0x0000000085200000, 0x0000000100000000)
  region size 1024K, 16 young (16384K), 2 survivors (2048K)
 Metaspace       used 87385K, committed 88704K, reserved 1179648K
  class space    used 12603K, committed 13120K, reserved 1048576K
}

Dll operation events (13 events):
Event: 0.018 Loaded shared library D:\Downloads\jdk-21.0.4_windows-x64_bin\jdk-21.0.4\bin\java.dll
Event: 0.153 Loaded shared library D:\Downloads\jdk-21.0.4_windows-x64_bin\jdk-21.0.4\bin\zip.dll
Event: 0.160 Loaded shared library D:\Downloads\jdk-21.0.4_windows-x64_bin\jdk-21.0.4\bin\instrument.dll
Event: 0.168 Loaded shared library D:\Downloads\jdk-21.0.4_windows-x64_bin\jdk-21.0.4\bin\net.dll
Event: 0.171 Loaded shared library D:\Downloads\jdk-21.0.4_windows-x64_bin\jdk-21.0.4\bin\nio.dll
Event: 0.173 Loaded shared library D:\Downloads\jdk-21.0.4_windows-x64_bin\jdk-21.0.4\bin\zip.dll
Event: 0.260 Loaded shared library D:\Downloads\IntelliJ IDEA 2024.2.3\bin\breakgen64.dll
Event: 0.267 Loaded shared library D:\Downloads\jdk-21.0.4_windows-x64_bin\jdk-21.0.4\bin\jimage.dll
Event: 0.274 Loaded shared library D:\Downloads\jdk-21.0.4_windows-x64_bin\jdk-21.0.4\bin\extnet.dll
Event: 0.291 Loaded shared library D:\Downloads\jdk-21.0.4_windows-x64_bin\jdk-21.0.4\bin\management.dll
Event: 0.307 Loaded shared library D:\Downloads\jdk-21.0.4_windows-x64_bin\jdk-21.0.4\bin\management_ext.dll
Event: 2.134 Loaded shared library D:\Downloads\jdk-21.0.4_windows-x64_bin\jdk-21.0.4\bin\sunmscapi.dll
Event: 3.836 Loaded shared library D:\Downloads\jdk-21.0.4_windows-x64_bin\jdk-21.0.4\bin\verify.dll

Deoptimization events (0 events):
No events

Classes loaded (20 events):
Event: 744.512 Loading class java/lang/StringEditor
Event: 744.512 Loading class java/lang/StringEditor done
Event: 744.514 Loading class java/time/LocalDateEditor
Event: 744.514 Loading class java/time/LocalDateEditor done
Event: 1234.283 Loading class java/util/concurrent/locks/AbstractQueuedSynchronizer$SharedNode
Event: 1234.285 Loading class java/util/concurrent/locks/AbstractQueuedSynchronizer$SharedNode done
Event: 1234.500 Loading class java/util/AbstractMap$2
Event: 1234.502 Loading class java/util/AbstractMap$2 done
Event: 1234.523 Loading class java/util/AbstractMap$2$1
Event: 1234.526 Loading class java/util/AbstractMap$2$1 done
Event: 1234.642 Loading class sun/security/ssl/Alert
Event: 1234.687 Loading class sun/security/ssl/Alert done
Event: 1234.696 Loading class sun/security/ssl/Alert$AlertConsumer
Event: 1234.712 Loading class sun/security/ssl/Alert$AlertConsumer done
Event: 1234.712 Loading class sun/security/ssl/Alert$Level
Event: 1234.717 Loading class sun/security/ssl/Alert$Level done
Event: 1234.727 Loading class sun/net/ConnectionResetException
Event: 1234.730 Loading class sun/net/ConnectionResetException done
Event: 1234.974 Loading class java/io/FileOutputStream$1
Event: 1234.977 Loading class java/io/FileOutputStream$1 done

Classes unloaded (20 events):
Event: 540.628 Thread 0x000002c8bcacadd0 Unloading class 0x000002c8be00bc00 'java/lang/invoke/LambdaForm$MH+0x000002c8be00bc00'
Event: 540.628 Thread 0x000002c8bcacadd0 Unloading class 0x000002c8be00b800 'java/lang/invoke/LambdaForm$DMH+0x000002c8be00b800'
Event: 540.628 Thread 0x000002c8bcacadd0 Unloading class 0x000002c8be00b400 'java/lang/invoke/LambdaForm$DMH+0x000002c8be00b400'
Event: 540.628 Thread 0x000002c8bcacadd0 Unloading class 0x000002c8be00a800 'java/lang/invoke/LambdaForm$MH+0x000002c8be00a800'
Event: 540.628 Thread 0x000002c8bcacadd0 Unloading class 0x000002c8be009c00 'java/lang/invoke/LambdaForm$MH+0x000002c8be009c00'
Event: 540.628 Thread 0x000002c8bcacadd0 Unloading class 0x000002c8be009800 'java/lang/invoke/LambdaForm$MH+0x000002c8be009800'
Event: 540.629 Thread 0x000002c8bcacadd0 Unloading class 0x000002c8be009400 'java/lang/invoke/LambdaForm$MH+0x000002c8be009400'
Event: 540.629 Thread 0x000002c8bcacadd0 Unloading class 0x000002c8be008c00 'java/lang/invoke/LambdaForm$MH+0x000002c8be008c00'
Event: 540.629 Thread 0x000002c8bcacadd0 Unloading class 0x000002c8be008000 'java/lang/invoke/LambdaForm$MH+0x000002c8be008000'
Event: 540.629 Thread 0x000002c8bcacadd0 Unloading class 0x000002c8be006c00 'java/lang/invoke/LambdaForm$MH+0x000002c8be006c00'
Event: 540.629 Thread 0x000002c8bcacadd0 Unloading class 0x000002c8be006800 'java/lang/invoke/LambdaForm$MH+0x000002c8be006800'
Event: 540.629 Thread 0x000002c8bcacadd0 Unloading class 0x000002c8be006000 'java/lang/invoke/LambdaForm$MH+0x000002c8be006000'
Event: 540.629 Thread 0x000002c8bcacadd0 Unloading class 0x000002c8be005800 'java/lang/invoke/LambdaForm$MH+0x000002c8be005800'
Event: 540.629 Thread 0x000002c8bcacadd0 Unloading class 0x000002c8be005000 'java/lang/invoke/LambdaForm$MH+0x000002c8be005000'
Event: 540.629 Thread 0x000002c8bcacadd0 Unloading class 0x000002c8be004800 'java/lang/invoke/LambdaForm$MH+0x000002c8be004800'
Event: 540.629 Thread 0x000002c8bcacadd0 Unloading class 0x000002c8be004000 'java/lang/invoke/LambdaForm$MH+0x000002c8be004000'
Event: 540.629 Thread 0x000002c8bcacadd0 Unloading class 0x000002c8be002400 'java/lang/invoke/LambdaForm$MH+0x000002c8be002400'
Event: 540.629 Thread 0x000002c8bcacadd0 Unloading class 0x000002c8be002000 'java/lang/invoke/LambdaForm$MH+0x000002c8be002000'
Event: 540.629 Thread 0x000002c8bcacadd0 Unloading class 0x000002c8be001c00 'java/lang/invoke/LambdaForm$MH+0x000002c8be001c00'
Event: 540.630 Thread 0x000002c8bcacadd0 Unloading class 0x000002c8be001400 'java/lang/invoke/LambdaForm$MH+0x000002c8be001400'

Classes redefined (0 events):
No events

Internal exceptions (20 events):
Event: 22.078 Thread 0x000002c884214c90 Exception <a 'java/lang/NoSuchMethodError'{0x0000000088df0e48}: 'double java.lang.invoke.DelegatingMethodHandle$Holder.reinvoke_L(java.lang.Object, java.lang.Object)'> (0x0000000088df0e48) 
thrown [s\open\src\hotspot\share\interpreter\linkResolver.cpp, line 773]
Event: 22.079 Thread 0x000002c884214c90 Exception <a 'java/lang/NoSuchMethodError'{0x0000000088dfb890}: 'void java.lang.invoke.DelegatingMethodHandle$Holder.reinvoke_L(java.lang.Object, java.lang.Object, double)'> (0x0000000088dfb890) 
thrown [s\open\src\hotspot\share\interpreter\linkResolver.cpp, line 773]
Event: 22.186 Thread 0x000002c884214c90 Exception <a 'java/lang/IncompatibleClassChangeError'{0x00000000888c1f48}: Found class java.lang.Object, but interface was expected> (0x00000000888c1f48) 
thrown [s\open\src\hotspot\share\interpreter\linkResolver.cpp, line 840]
Event: 33.609 Thread 0x000002c884212bc0 Exception <a 'java/lang/NoSuchMethodError'{0x000000008a392d00}: 'java.lang.Object java.lang.invoke.DirectMethodHandle$Holder.invokeVirtual(java.lang.Object, java.lang.Object, java.lang.Object, java.lang.Object, java.lang.Object, java.lang.Object, java.lang.Object, java.lang.Object, java.lang.Object, java.lang.Object, java.lang.Object)'> (0x000000008a392d00) 
thrown [s\open\src\hotspot\share\interpreter\linkResolver.cpp, line 773]
Event: 33.633 Thread 0x000002c884212bc0 Exception <a 'java/lang/NoSuchMethodError'{0x000000008a2954f0}: 'java.lang.Object java.lang.invoke.DirectMethodHandle$Holder.invokeStatic(java.lang.Object, java.lang.Object, java.lang.Object, java.lang.Object, int, java.lang.Object)'> (0x000000008a2954f0) 
thrown [s\open\src\hotspot\share\interpreter\linkResolver.cpp, line 773]
Event: 33.634 Thread 0x000002c884212bc0 Exception <a 'java/lang/NoSuchMethodError'{0x000000008a2a8318}: 'java.lang.Object java.lang.invoke.DirectMethodHandle$Holder.newInvokeSpecial(java.lang.Object, java.lang.Object, java.lang.Object, java.lang.Object, int)'> (0x000000008a2a8318) 
thrown [s\open\src\hotspot\share\interpreter\linkResolver.cpp, line 773]
Event: 33.634 Thread 0x000002c884212bc0 Exception <a 'java/lang/NoSuchMethodError'{0x000000008a2acad8}: 'java.lang.Object java.lang.invoke.DirectMethodHandle$Holder.invokeSpecial(java.lang.Object, java.lang.Object, java.lang.Object, java.lang.Object, java.lang.Object, int)'> (0x000000008a2acad8) 
thrown [s\open\src\hotspot\share\interpreter\linkResolver.cpp, line 773]
Event: 33.634 Thread 0x000002c884212bc0 Exception <a 'java/lang/NoSuchMethodError'{0x000000008a2b0b70}: 'java.lang.Object java.lang.invoke.Invokers$Holder.linkToTargetMethod(java.lang.Object, java.lang.Object, java.lang.Object, int, java.lang.Object)'> (0x000000008a2b0b70) 
thrown [s\open\src\hotspot\share\interpreter\linkResolver.cpp, line 773]
Event: 33.642 Thread 0x000002c884212bc0 Exception <a 'java/lang/NoSuchMethodError'{0x000000008a12f740}: 'long java.lang.invoke.DirectMethodHandle$Holder.invokeStatic(java.lang.Object, java.lang.Object, int)'> (0x000000008a12f740) 
thrown [s\open\src\hotspot\share\interpreter\linkResolver.cpp, line 773]
Event: 33.643 Thread 0x000002c884212bc0 Exception <a 'java/lang/NoSuchMethodError'{0x000000008a14ee90}: 'double java.lang.invoke.DirectMethodHandle$Holder.invokeVirtual(java.lang.Object, java.lang.Object)'> (0x000000008a14ee90) 
thrown [s\open\src\hotspot\share\interpreter\linkResolver.cpp, line 773]
Event: 35.336 Thread 0x000002c884219b50 Exception <a 'java/lang/NoSuchMethodError'{0x0000000089d7c7f8}: 'java.lang.Object java.lang.invoke.DirectMethodHandle$Holder.invokeVirtual(java.lang.Object, java.lang.Object, java.lang.Object, java.lang.Object, java.lang.Object, java.lang.Object, java.lang.Object, java.lang.Object, java.lang.Object, java.lang.Object)'> (0x0000000089d7c7f8) 
thrown [s\open\src\hotspot\share\interpreter\linkResolver.cpp, line 773]
Event: 35.366 Thread 0x000002c884219b50 Exception <a 'java/lang/NoSuchMethodError'{0x0000000089c46a50}: 'double java.lang.invoke.Invokers$Holder.invokeExact_MT(java.lang.Object, java.lang.Object, java.lang.Object)'> (0x0000000089c46a50) 
thrown [s\open\src\hotspot\share\interpreter\linkResolver.cpp, line 773]
Event: 35.383 Thread 0x000002c884219b50 Exception <a 'java/lang/NoSuchMethodError'{0x0000000089b08788}: 'int java.lang.invoke.DirectMethodHandle$Holder.invokeStatic(java.lang.Object, java.lang.Object, int, java.lang.Object)'> (0x0000000089b08788) 
thrown [s\open\src\hotspot\share\interpreter\linkResolver.cpp, line 773]
Event: 40.795 Thread 0x000002c884216d60 Exception <a 'java/lang/NoSuchMethodError'{0x00000000898c8fc8}: 'java.lang.Object java.lang.invoke.DirectMethodHandle$Holder.invokeVirtual(java.lang.Object, java.lang.Object, java.lang.Object, java.lang.Object, java.lang.Object, java.lang.Object, java.lang.Object, java.lang.Object)'> (0x00000000898c8fc8) 
thrown [s\open\src\hotspot\share\interpreter\linkResolver.cpp, line 773]
Event: 40.813 Thread 0x000002c884216d60 Exception <a 'java/lang/NoSuchMethodError'{0x0000000089752898}: 'int java.lang.invoke.DirectMethodHandle$Holder.invokeStatic(java.lang.Object, java.lang.Object, int, int)'> (0x0000000089752898) 
thrown [s\open\src\hotspot\share\interpreter\linkResolver.cpp, line 773]
Event: 40.834 Thread 0x000002c884216d60 Exception <a 'java/lang/IncompatibleClassChangeError'{0x00000000897ea840}: Found class java.lang.Object, but interface was expected> (0x00000000897ea840) 
thrown [s\open\src\hotspot\share\interpreter\linkResolver.cpp, line 840]
Event: 1234.719 Thread 0x000002c885caf4b0 Exception <a 'java/io/IOException'{0x000000008a072a00}> (0x000000008a072a00) 
thrown [s\open\src\hotspot\share\prims\jni.cpp, line 520]
Event: 1234.727 Thread 0x000002c885caf4b0 Exception <a 'java/io/IOException'{0x000000008a073df8}> (0x000000008a073df8) 
thrown [s\open\src\hotspot\share\prims\jni.cpp, line 520]
Event: 1234.918 Thread 0x000002c885caac80 Exception <a 'java/lang/NoSuchMethodError'{0x000000008a0f2d60}: static Lorg/springframework/security/authentication/AbstractAuthenticationToken;.<clinit>()V> (0x000000008a0f2d60) 
thrown [s\open\src\hotspot\share\prims\jni.cpp, line 1111]
Event: 1235.055 Thread 0x000002c8842173f0 Exception <a 'java/lang/InterruptedException'{0x0000000089f69b30}: sleep interrupted> (0x0000000089f69b30) 
thrown [s\open\src\hotspot\share\prims\jvm.cpp, line 3074]

ZGC Phase Switch (0 events):
No events

VM Operations (20 events):
Event: 744.996 Executing VM operation: Cleanup done
Event: 752.018 Executing VM operation: Cleanup
Event: 752.018 Executing VM operation: Cleanup done
Event: 754.025 Executing VM operation: Cleanup
Event: 754.025 Executing VM operation: Cleanup done
Event: 781.908 Executing VM operation: HandshakeAllThreads (HandshakeForDeflation)
Event: 781.908 Executing VM operation: HandshakeAllThreads (HandshakeForDeflation) done
Event: 781.908 Executing VM operation: RendezvousGCThreads
Event: 781.908 Executing VM operation: RendezvousGCThreads done
Event: 869.387 Executing VM operation: G1CollectForAllocation (G1 Evacuation Pause)
Event: 869.473 Executing VM operation: G1CollectForAllocation (G1 Evacuation Pause) done
Event: 1085.957 Executing VM operation: Cleanup
Event: 1085.995 Executing VM operation: Cleanup done
Event: 1159.408 Executing VM operation: G1CollectForAllocation (G1 Evacuation Pause)
Event: 1159.513 Executing VM operation: G1CollectForAllocation (G1 Evacuation Pause) done
Event: 1234.028 Executing VM operation: Cleanup
Event: 1234.036 Executing VM operation: Cleanup done
Event: 1235.041 Executing VM operation: Cleanup
Event: 1235.041 Executing VM operation: Cleanup done
Event: 1235.060 Executing VM operation: G1CollectFull (System.gc())

Events (20 events):
Event: 1234.280 Thread 0x000002c885ca98d0 Thread added: 0x000002c885ca98d0
Event: 1234.332 Thread 0x000002c885cab310 Thread exited: 0x000002c885cab310
Event: 1234.335 Thread 0x000002c885ca98d0 Thread exited: 0x000002c885ca98d0
Event: 1234.349 Thread 0x000002c884216040 Thread exited: 0x000002c884216040
Event: 1234.353 Thread 0x000002c8842166d0 Thread exited: 0x000002c8842166d0
Event: 1234.354 Thread 0x000002c884213250 Thread exited: 0x000002c884213250
Event: 1234.354 Thread 0x000002c884218e30 Thread exited: 0x000002c884218e30
Event: 1234.354 Thread 0x000002c884212bc0 Thread exited: 0x000002c884212bc0
Event: 1234.354 Thread 0x000002c884214c90 Thread exited: 0x000002c884214c90
Event: 1234.354 Thread 0x000002c8842194c0 Thread exited: 0x000002c8842194c0
Event: 1234.355 Thread 0x000002c884219b50 Thread exited: 0x000002c884219b50
Event: 1234.355 Thread 0x000002c884218110 Thread exited: 0x000002c884218110
Event: 1234.355 Thread 0x000002c884216d60 Thread exited: 0x000002c884216d60
Event: 1234.355 Thread 0x000002c884213f70 Thread exited: 0x000002c884213f70
Event: 1234.610 Thread 0x000002c885caf4b0 Thread added: 0x000002c885caf4b0
Event: 1234.615 Thread 0x000002c884212530 Thread exited: 0x000002c884212530
Event: 1234.781 Thread 0x000002c885caf4b0 Thread exited: 0x000002c885caf4b0
Event: 1235.055 Thread 0x000002c8bcc097e0 Thread exited: 0x000002c8bcc097e0
Event: 1235.055 Thread 0x000002c8842138e0 Thread exited: 0x000002c8842138e0
Event: 1235.055 Thread 0x000002c8842173f0 Thread exited: 0x000002c8842173f0


Dynamic libraries:
0x00007ff6eba20000 - 0x00007ff6eba30000 	D:\Downloads\jdk-21.0.4_windows-x64_bin\jdk-21.0.4\bin\java.exe
0x00007ff822490000 - 0x00007ff8226a7000 	C:\windows\SYSTEM32\ntdll.dll
0x00007ff821bd0000 - 0x00007ff821c94000 	C:\windows\System32\KERNEL32.DLL
0x00007ff81fe10000 - 0x00007ff8201bd000 	C:\windows\System32\KERNELBASE.dll
0x00007ff81f920000 - 0x00007ff81fa31000 	C:\windows\System32\ucrtbase.dll
0x00007ff8181b0000 - 0x00007ff8181c9000 	D:\Downloads\jdk-21.0.4_windows-x64_bin\jdk-21.0.4\bin\jli.dll
0x00007ff821b10000 - 0x00007ff821bc2000 	C:\windows\System32\ADVAPI32.dll
0x00007ff820a60000 - 0x00007ff820b07000 	C:\windows\System32\msvcrt.dll
0x00007ff818190000 - 0x00007ff8181ab000 	D:\Downloads\jdk-21.0.4_windows-x64_bin\jdk-21.0.4\bin\VCRUNTIME140.dll
0x00007ff8210a0000 - 0x00007ff821149000 	C:\windows\System32\sechost.dll
0x00007ff81fd40000 - 0x00007ff81fd68000 	C:\windows\System32\bcrypt.dll
0x00007ff822180000 - 0x00007ff822294000 	C:\windows\System32\RPCRT4.dll
0x00007ff820ef0000 - 0x00007ff82109e000 	C:\windows\System32\USER32.dll
0x00007ff81fb00000 - 0x00007ff81fb26000 	C:\windows\System32\win32u.dll
0x00007ff820ec0000 - 0x00007ff820ee9000 	C:\windows\System32\GDI32.dll
0x00007ff81fba0000 - 0x00007ff81fcb9000 	C:\windows\System32\gdi32full.dll
0x00007ff81fd70000 - 0x00007ff81fe0a000 	C:\windows\System32\msvcp_win.dll
0x00007ff800710000 - 0x00007ff8009a3000 	C:\windows\WinSxS\amd64_microsoft.windows.common-controls_6595b64144ccf1df_6.0.22621.3672_none_2713b9d173822955\COMCTL32.dll
0x00007ff81f310000 - 0x00007ff81f31a000 	C:\windows\SYSTEM32\VERSION.dll
0x00007ff821cb0000 - 0x00007ff821ce1000 	C:\windows\System32\IMM32.DLL
0x000000005c910000 - 0x000000005c91c000 	C:\Program Files (x86)\360\Total Security\safemon\SafeWrapper.dll
0x00007fffee0c0000 - 0x00007fffee16c000 	C:\Program Files (x86)\360\Total Security\safemon\libzdtp64.dll
0x00007ff8212a0000 - 0x00007ff821b08000 	C:\windows\System32\SHELL32.dll
0x00007ff820960000 - 0x00007ff8209be000 	C:\windows\System32\SHLWAPI.dll
0x00007ff818180000 - 0x00007ff81818c000 	D:\Downloads\jdk-21.0.4_windows-x64_bin\jdk-21.0.4\bin\vcruntime140_1.dll
0x00007ff80c9b0000 - 0x00007ff80ca3e000 	D:\Downloads\jdk-21.0.4_windows-x64_bin\jdk-21.0.4\bin\msvcp140.dll
0x00007fffdbcf0000 - 0x00007fffdca03000 	D:\Downloads\jdk-21.0.4_windows-x64_bin\jdk-21.0.4\bin\server\jvm.dll
0x00007ff8209e0000 - 0x00007ff820a51000 	C:\windows\System32\WS2_32.dll
0x00007ff81f570000 - 0x00007ff81f5bd000 	C:\windows\SYSTEM32\POWRPROF.dll
0x00007ff8165c0000 - 0x00007ff8165f4000 	C:\windows\SYSTEM32\WINMM.dll
0x00007ff81f450000 - 0x00007ff81f463000 	C:\windows\SYSTEM32\UMPDC.dll
0x00007ff81e740000 - 0x00007ff81e758000 	C:\windows\SYSTEM32\kernel.appcore.dll
0x00007ff818160000 - 0x00007ff81816a000 	D:\Downloads\jdk-21.0.4_windows-x64_bin\jdk-21.0.4\bin\jimage.dll
0x00007ff81d320000 - 0x00007ff81d552000 	C:\windows\SYSTEM32\DBGHELP.DLL
0x00007ff8201c0000 - 0x00007ff82054d000 	C:\windows\System32\combase.dll
0x00007ff8211c0000 - 0x00007ff821297000 	C:\windows\System32\OLEAUT32.dll
0x00007ff800050000 - 0x00007ff800082000 	C:\windows\SYSTEM32\dbgcore.DLL
0x00007ff81fcc0000 - 0x00007ff81fd3b000 	C:\windows\System32\bcryptPrimitives.dll
0x00007ff818140000 - 0x00007ff81814f000 	D:\Downloads\jdk-21.0.4_windows-x64_bin\jdk-21.0.4\bin\instrument.dll
0x00007ff818120000 - 0x00007ff81813f000 	D:\Downloads\jdk-21.0.4_windows-x64_bin\jdk-21.0.4\bin\java.dll
0x00007ff81d560000 - 0x00007ff81de5e000 	C:\windows\SYSTEM32\windows.storage.dll
0x00007ff81d1e0000 - 0x00007ff81d31f000 	C:\windows\SYSTEM32\wintypes.dll
0x00007ff820b10000 - 0x00007ff820c09000 	C:\windows\System32\SHCORE.dll
0x00007ff81f6e0000 - 0x00007ff81f701000 	C:\windows\SYSTEM32\profapi.dll
0x00007ff817b20000 - 0x00007ff817b38000 	D:\Downloads\jdk-21.0.4_windows-x64_bin\jdk-21.0.4\bin\zip.dll
0x00007ff8180e0000 - 0x00007ff8180f0000 	D:\Downloads\jdk-21.0.4_windows-x64_bin\jdk-21.0.4\bin\net.dll
0x00007ff817f60000 - 0x00007ff818096000 	C:\windows\SYSTEM32\WINHTTP.dll
0x00007ff81ebc0000 - 0x00007ff81ec29000 	C:\windows\system32\mswsock.dll
0x00007ff8180a0000 - 0x00007ff8180b6000 	D:\Downloads\jdk-21.0.4_windows-x64_bin\jdk-21.0.4\bin\nio.dll
0x00007ff816830000 - 0x00007ff81684a000 	D:\Downloads\IntelliJ IDEA 2024.2.3\bin\breakgen64.dll
0x00007ff817b10000 - 0x00007ff817b19000 	D:\Downloads\jdk-21.0.4_windows-x64_bin\jdk-21.0.4\bin\extnet.dll
0x00007ff81e210000 - 0x00007ff81e308000 	C:\windows\SYSTEM32\DNSAPI.dll
0x00007ff81e1a0000 - 0x00007ff81e1cd000 	C:\windows\SYSTEM32\IPHLPAPI.DLL
0x00007ff820eb0000 - 0x00007ff820eb9000 	C:\windows\System32\NSI.dll
0x000000005c940000 - 0x000000005c975000 	C:\Program Files\Bonjour\mdnsNSP.dll
0x00007ff816660000 - 0x00007ff81666a000 	C:\Windows\System32\rasadhlp.dll
0x00007ff815f20000 - 0x00007ff815fa3000 	C:\windows\System32\fwpuclnt.dll
0x00007ff816720000 - 0x00007ff81672a000 	D:\Downloads\jdk-21.0.4_windows-x64_bin\jdk-21.0.4\bin\management.dll
0x00007ff816560000 - 0x00007ff81656b000 	D:\Downloads\jdk-21.0.4_windows-x64_bin\jdk-21.0.4\bin\management_ext.dll
0x00007ff820950000 - 0x00007ff820958000 	C:\windows\System32\PSAPI.DLL
0x00007ff81ee40000 - 0x00007ff81ee5b000 	C:\windows\SYSTEM32\CRYPTSP.dll
0x00007ff81e6a0000 - 0x00007ff81e6d5000 	C:\windows\system32\rsaenh.dll
0x00007ff81ece0000 - 0x00007ff81ed08000 	C:\windows\SYSTEM32\USERENV.dll
0x00007ff81ee60000 - 0x00007ff81ee6c000 	C:\windows\SYSTEM32\CRYPTBASE.dll
0x00007ffff9d10000 - 0x00007ffff9d27000 	C:\windows\system32\napinsp.dll
0x00007ffff7bd0000 - 0x00007ffff7beb000 	C:\windows\system32\pnrpnsp.dll
0x00007ffff7bb0000 - 0x00007ffff7bc1000 	C:\windows\System32\winrnr.dll
0x00007ffff7b90000 - 0x00007ffff7ba5000 	C:\windows\system32\wshbth.dll
0x00007ffff7b60000 - 0x00007ffff7b87000 	C:\windows\system32\nlansp_c.dll
0x00007ff80c9a0000 - 0x00007ff80c9ae000 	D:\Downloads\jdk-21.0.4_windows-x64_bin\jdk-21.0.4\bin\sunmscapi.dll
0x00007ff81f7b0000 - 0x00007ff81f917000 	C:\windows\System32\CRYPT32.dll
0x00007ff81f000000 - 0x00007ff81f02e000 	C:\windows\SYSTEM32\ncrypt.dll
0x00007ff81efc0000 - 0x00007ff81eff7000 	C:\windows\SYSTEM32\NTASN1.dll
0x00007ff80c990000 - 0x00007ff80c9a0000 	D:\Downloads\jdk-21.0.4_windows-x64_bin\jdk-21.0.4\bin\verify.dll
0x00007fffee550000 - 0x00007fffee558000 	C:\windows\system32\wshunix.dll

dbghelp: loaded successfully - version: 4.0.5 - missing functions: none
symbol engine: initialized successfully - sym options: 0x614 - pdb path: .;D:\Downloads\jdk-21.0.4_windows-x64_bin\jdk-21.0.4\bin;C:\windows\SYSTEM32;C:\windows\WinSxS\amd64_microsoft.windows.common-controls_6595b64144ccf1df_6.0.22621.3672_none_2713b9d173822955;C:\Program Files (x86)\360\Total Security\safemon;D:\Downloads\jdk-21.0.4_windows-x64_bin\jdk-21.0.4\bin\server;D:\Downloads\IntelliJ IDEA 2024.2.3\bin;C:\Program Files\Bonjour

VM Arguments:
jvm_args: -XX:TieredStopAtLevel=1 -Dspring.output.ansi.enabled=always -Dcom.sun.management.jmxremote -Dspring.jmx.enabled=true -Dspring.liveBeansView.mbeanDomain -Dspring.application.admin.enabled=true -Dmanagement.endpoints.jmx.exposure.include=* -javaagent:D:\Downloads\IntelliJ IDEA 2024.2.3\lib\idea_rt.jar=62041:D:\Downloads\IntelliJ IDEA 2024.2.3\bin -Dfile.encoding=UTF-8 -Dsun.stdout.encoding=UTF-8 -Dsun.stderr.encoding=UTF-8 
java_command: SE2.flightBooking.FlightBookingApplication
java_class_path (initial): D:\Downloads\Vietjet\target\classes;C:\Users\yenkh\.m2\repository\org\springframework\boot\spring-boot-starter-data-jpa\3.4.3\spring-boot-starter-data-jpa-3.4.3.jar;C:\Users\yenkh\.m2\repository\org\springframework\boot\spring-boot-starter\3.4.3\spring-boot-starter-3.4.3.jar;C:\Users\yenkh\.m2\repository\org\springframework\boot\spring-boot-starter-logging\3.4.3\spring-boot-starter-logging-3.4.3.jar;C:\Users\yenkh\.m2\repository\ch\qos\logback\logback-classic\1.5.16\logback-classic-1.5.16.jar;C:\Users\yenkh\.m2\repository\ch\qos\logback\logback-core\1.5.16\logback-core-1.5.16.jar;C:\Users\yenkh\.m2\repository\org\apache\logging\log4j\log4j-to-slf4j\2.24.3\log4j-to-slf4j-2.24.3.jar;C:\Users\yenkh\.m2\repository\org\apache\logging\log4j\log4j-api\2.24.3\log4j-api-2.24.3.jar;C:\Users\yenkh\.m2\repository\org\slf4j\jul-to-slf4j\2.0.16\jul-to-slf4j-2.0.16.jar;C:\Users\yenkh\.m2\repository\jakarta\annotation\jakarta.annotation-api\2.1.1\jakarta.annotation-api-2.1.1.jar;C:\Users\yenkh\.m2\repository\org\yaml\snakeyaml\2.3\snakeyaml-2.3.jar;C:\Users\yenkh\.m2\repository\org\springframework\boot\spring-boot-starter-jdbc\3.4.3\spring-boot-starter-jdbc-3.4.3.jar;C:\Users\yenkh\.m2\repository\com\zaxxer\HikariCP\5.1.0\HikariCP-5.1.0.jar;C:\Users\yenkh\.m2\repository\org\springframework\spring-jdbc\6.2.3\spring-jdbc-6.2.3.jar;C:\Users\yenkh\.m2\repository\org\hibernate\orm\hibernate-core\6.6.8.Final\hibernate-core-6.6.8.Final.jar;C:\Users\yenkh\.m2\repository\jakarta\persistence\jakarta.persistence-api\3.1.0\jakarta.persistence-api-3.1.0.jar;C:\Users\yenkh\.m2\repository\jakarta\transaction\jakarta.transaction-api\2.0.1\jakarta.transaction-api-2.0.1.jar;C:\Users\yenkh\.m2\repository\org\jboss\logging\jboss-logging\3.6.1.Final\jboss-logging-3.6.1.Final.jar;C:\Users\yenkh\.m2\repository\org\hibernate\common\hibernate-commons-annotations\7.0.3.Final\hibernate-commons-annotations-7.0.3.Final.jar;C:\Users\yenkh\.m2\repository\io\smallrye\jandex\3.2.0\jandex-3.2.0.jar;C:\Users\yenkh\.m2\repository\com\fasterxml\classmate\1.7.0\classmate-1.7.0.jar;C:\Users\yenkh\.m2\repository\net\bytebuddy\byte-buddy\1.15.11\byte-buddy-1.15.11.jar;C:\Users\yenkh\.m2\repository\org\glassfish\jaxb\jaxb-runtime\4.0.5\jaxb-runtime-4.0.5.jar;C:\Users\yenkh\.m2\repository\org\glassfish\jaxb\jaxb-core\4.0.5\jaxb-core-4.0.5.jar;C:\Users\yenkh\.m2\repository\org\eclipse\angus\angus-activation\2.0.2\angus-activation-2.0.2.jar;C:\Users\yenkh\.m2\repository\org\glassfish\jaxb\txw2\4.0.5\txw2-4.0.5.jar;C:\Users\yenkh\.m2\repository\com\sun\istack\istack-commons-runtime\4.1.2\istack-commons-runtime-4.1.2.jar;C:\Users\yenkh\.m2\repository\jakarta\inject\jakarta.inject-api\2.0.1\jakarta.inject-api-2.0.1.jar;C:\Users\yenkh\.m2\repository\org\antlr\antlr4-runtime\4.13.0\antlr4-runtime-4.13.0.jar;C:\Users\yenkh\.m2\repository\org\springframework\data\spring-data-jpa\3.4.3\spring-data-jpa-3.4.3.jar;C:\Users\yenkh\.m2\repository\org\springframework\data\spring-data-commons\3.4.3\spring-data-commons-3.4.3.jar;C:\Users\yenkh\.m2\repository\org\springframework\spring-orm\6.2.3\spring-orm-6.2.3.jar;C:\Users\yenkh\.m2\repository\org\springframework\spring-context\6.2.3\spring-context-6.2.3.jar;C:\Users\yenkh\.m2\repository\org\springframework\spring-tx\6.2.3\spring-tx-6.2.3.jar;C:\Users\yenkh\.m2\repository\org\springframework\spring-beans\6.2.3\spring-beans-6.2.3.jar;C:\Users\yenkh\.m2\repository\org\springframework\spring-aspects\6.2.3\spring-aspects-6.2.3.jar;C:\Users\yenkh\.m2\repository\org\aspectj\aspectjweaver\1.9.22.1\aspectjweaver-1.9.22.1.jar;C:\Users\yenkh\.m2\repository\org\springframework\boot\spring-boot-starter-security\3.4.3\spring-boot-starter-security-3.4.3.jar;C:\Users\yenkh\.m2\repository\org\springframework\spring-aop\6.2.3\spring-aop-6.2.3.jar;C:\Users\yenkh\.m2\repository\org\springframework\security\spring-security-config\6.4.3\spring-security-config-6.4.3.jar;C:\Users\yenkh\.m2\repository\org\springframework\security\spring-security-web\6.4.3\spring-security-web-6.4.3.jar;C:\Users\yenkh\.m2\repository\org\springframework\spring-expression\6.2.3\spring-expression-6.2.3.jar;C:\Users\yenkh\.m2\repository\org\springframework\boot\spring-boot-starter-thymeleaf\3.4.3\spring-boot-starter-thymeleaf-3.4.3.jar;C:\Users\yenkh\.m2\repository\org\thymeleaf\thymeleaf-spring6\3.1.3.RELEASE\thymeleaf-spring6-3.1.3.RELEASE.jar;C:\Users\yenkh\.m2\repository\org\thymeleaf\thymeleaf\3.1.3.RELEASE\thymeleaf-3.1.3.RELEASE.jar;C:\Users\yenkh\.m2\repository\org\attoparser\attoparser\2.0.7.RELEASE\attoparser-2.0.7.RELEASE.jar;C:\Users\yenkh\.m2\repository\org\unbescape\unbescape\1.1.6.RELEASE\unbescape-1.1.6.RELEASE.jar;C:\Users\yenkh\.m2\repository\org\springframework\boot\spring-boot-starter-validation\3.4.3\spring-boot-starter-validation-3.4.3.jar;C:\Users\yenkh\.m2\repository\org\apache\tomcat\embed\tomcat-embed-el\10.1.36\tomcat-embed-el-10.1.36.jar;C:\Users\yenkh\.m2\repository\org\hibernate\validator\hibernate-validator\8.0.2.Final\hibernate-validator-8.0.2.Final.jar;C:\Users\yenkh\.m2\repository\jakarta\validation\jakarta.validation-api\3.0.2\jakarta.validation-api-3.0.2.jar;C:\Users\yenkh\.m2\repository\org\springframework\boot\spring-boot-starter-web\3.4.3\spring-boot-starter-web-3.4.3.jar;C:\Users\yenkh\.m2\repository\org\springframework\boot\spring-boot-starter-json\3.4.3\spring-boot-starter-json-3.4.3.jar;C:\Users\yenkh\.m2\repository\com\fasterxml\jackson\core\jackson-databind\2.18.2\jackson-databind-2.18.2.jar;C:\Users\yenkh\.m2\repository\com\fasterxml\jackson\core\jackson-annotations\2.18.2\jackson-annotations-2.18.2.jar;C:\Users\yenkh\.m2\repository\com\fasterxml\jackson\core\jackson-core\2.18.2\jackson-core-2.18.2.jar;C:\Users\yenkh\.m2\repository\com\fasterxml\jackson\datatype\jackson-datatype-jdk8\2.18.2\jackson-datatype-jdk8-2.18.2.jar;C:\Users\yenkh\.m2\repository\com\fasterxml\jackson\datatype\jackson-datatype-jsr310\2.18.2\jackson-datatype-jsr310-2.18.2.jar;C:\Users\yenkh\.m2\repository\com\fasterxml\jackson\module\jackson-module-parameter-names\2.18.2\jackson-module-parameter-names-2.18.2.jar;C:\Users\yenkh\.m2\repository\org\springframework\boot\spring-boot-starter-tomcat\3.4.3\spring-boot-starter-tomcat-3.4.3.jar;C:\Users\yenkh\.m2\repository\org\apache\tomcat\embed\tomcat-embed-core\10.1.36\tomcat-embed-core-10.1.36.jar;C:\Users\yenkh\.m2\repository\org\apache\tomcat\embed\tomcat-embed-websocket\10.1.36\tomcat-embed-websocket-10.1.36.jar;C:\Users\yenkh\.m2\repository\org\springframework\spring-web\6.2.3\spring-web-6.2.3.jar;C:\Users\yenkh\.m2\repository\io\micrometer\micrometer-observation\1.14.4\micrometer-observation-1.14.4.jar;C:\Users\yenkh\.m2\repository\io\micrometer\micrometer-commons\1.14.4\micrometer-commons-1.14.4.jar;C:\Users\yenkh\.m2\repository\org\springframework\spring-webmvc\6.2.3\spring-webmvc-6.2.3.jar;C:\Users\yenkh\.m2\repository\org\thymeleaf\extras\thymeleaf-extras-springsecurity6\3.1.3.RELEASE\thymeleaf-extras-springsecurity6-3.1.3.RELEASE.jar;C:\Users\yenkh\.m2\repository\org\slf4j\slf4j-api\2.0.16\slf4j-api-2.0.16.jar;C:\Users\yenkh\.m2\repository\org\springframework\boot\spring-boot-devtools\3.4.3\spring-boot-devtools-3.4.3.jar;C:\Users\yenkh\.m2\repository\org\springframework\boot\spring-boot\3.4.3\spring-boot-3.4.3.jar;C:\Users\yenkh\.m2\repository\org\springframework\boot\spring-boot-autoconfigure\3.4.3\spring-boot-autoconfigure-3.4.3.jar;C:\Users\yenkh\.m2\repository\com\mysql\mysql-connector-j\9.1.0\mysql-connector-j-9.1.0.jar;C:\Users\yenkh\.m2\repository\jakarta\xml\bind\jakarta.xml.bind-api\4.0.2\jakarta.xml.bind-api-4.0.2.jar;C:\Users\yenkh\.m2\repository\jakarta\activation\jakarta.activation-api\2.1.3\jakarta.activation-api-2.1.3.jar;C:\Users\yenkh\.m2\repository\org\springframework\spring-core\6.2.3\spring-core-6.2.3.jar;C:\Users\yenkh\.m2\repository\org\springframework\spring-jcl\6.2.3\spring-jcl-6.2.3.jar;C:\Users\yenkh\.m2\repository\org\springframework\security\spring-security-core\6.4.3\spring-security-core-6.4.3.jar;C:\Users\yenkh\.m2\repository\org\springframework\security\spring-security-crypto\6.4.3\spring-security-crypto-6.4.3.jar;C:\Users\yenkh\.m2\repository\javax\servlet\javax.servlet-api\4.0.1\javax.servlet-api-4.0.1.jar
Launcher Type: SUN_STANDARD

[Global flags]
     intx CICompilerCount                          = 12                                        {product} {ergonomic}
     uint ConcGCThreads                            = 3                                         {product} {ergonomic}
     uint G1ConcRefinementThreads                  = 13                                        {product} {ergonomic}
   size_t G1HeapRegionSize                         = 1048576                                   {product} {ergonomic}
    uintx GCDrainStackTargetSize                   = 64                                        {product} {ergonomic}
   size_t InitialHeapSize                          = 130023424                                 {product} {ergonomic}
     bool ManagementServer                         = true                                      {product} {command line}
   size_t MarkStackSize                            = 4194304                                   {product} {ergonomic}
   size_t MaxHeapSize                              = 2061500416                                {product} {ergonomic}
   size_t MaxNewSize                               = 1236271104                                {product} {ergonomic}
   size_t MinHeapDeltaBytes                        = 1048576                                   {product} {ergonomic}
   size_t MinHeapSize                              = 8388608                                   {product} {ergonomic}
    uintx NonNMethodCodeHeapSize                   = 4096                                   {pd product} {ergonomic}
    uintx NonProfiledCodeHeapSize                  = 0                                      {pd product} {ergonomic}
     bool ProfileInterpreter                       = false                                  {pd product} {command line}
    uintx ProfiledCodeHeapSize                     = 0                                      {pd product} {ergonomic}
   size_t SoftMaxHeapSize                          = 2061500416                             {manageable} {ergonomic}
     intx TieredStopAtLevel                        = 1                                         {product} {command line}
     bool UseCompressedOops                        = true                           {product lp64_product} {ergonomic}
     bool UseG1GC                                  = true                                      {product} {ergonomic}
     bool UseLargePagesIndividualAllocation        = false                                  {pd product} {ergonomic}

Logging:
Log output configuration:
 #0: stdout all=warning uptime,level,tags foldmultilines=false
 #1: stderr all=off uptime,level,tags foldmultilines=false

Environment Variables:
JAVA_HOME=D:\Downloads\jdk-21.0.4_windows-x64_bin\jdk-21.0.4
PATH=%JAVA_HOME%\bin;%M2_HOME%\bin;C:\windows\system32;C:\windows;C:\windows\System32\Wbem;C:\windows\System32\WindowsPowerShell\v1.0\;C:\windows\System32\OpenSSH\;C:\Program Files (x86)\Microsoft SQL Server\160\Tools\Binn\;C:\Program Files\Microsoft SQL Server\160\Tools\Binn\;C:\Program Files\Microsoft SQL Server\Client SDK\ODBC\170\Tools\Binn\;C:\Program Files\Microsoft SQL Server\160\DTS\Binn\;C:\Program Files\nodejs\;D:\Git\cmd;D:\Downloads\jdk-21.0.4_windows-x64_bin\jdk-21.0.4\bin;C:\Program Files\MySQL\MySQL Server 8.0\bin;C:\Program Files\MySQL\MySQL Shell 8.0\bin\;C:\Users\yenkh\AppData\Local\Microsoft\WindowsApps;C:\Users\yenkh\AppData\Local\Programs\Microsoft VS Code\bin;C:\Users\yenkh\AppData\Roaming\npm;D:\Python\pythonProject\.venv\Scripts;D:\Downloads\apache-maven-3.9.9-bin\apache-maven-3.9.9\bin
USERNAME=yenkh
OS=Windows_NT
PROCESSOR_IDENTIFIER=Intel64 Family 6 Model 154 Stepping 3, GenuineIntel
TMP=C:\Users\yenkh\AppData\Local\Temp
TEMP=C:\Users\yenkh\AppData\Local\Temp




Periodic native trim disabled

---------------  S Y S T E M  ---------------

OS:
 Windows 11 , 64 bit Build 22621 (10.0.22621.3958)
OS uptime: 0 days 22:47 hours
Hyper-V role detected

CPU: total 16 (initial active 16) (8 cores per cpu, 2 threads per core) family 6 model 154 stepping 3 microcode 0x42c, cx8, cmov, fxsr, ht, mmx, 3dnowpref, sse, sse2, sse3, ssse3, sse4.1, sse4.2, popcnt, lzcnt, tsc, tscinvbit, avx, avx2, aes, erms, clmul, bmi1, bmi2, adx, sha, fma, vzeroupper, clflush, clflushopt, clwb, hv, serialize, rdtscp, rdpid, fsrm, f16c, cet_ibt, cet_ss
Processor Information for processor 0
  Max Mhz: 1700, Current Mhz: 1700, Mhz Limit: 1700
Processor Information for processor 1
  Max Mhz: 1700, Current Mhz: 1700, Mhz Limit: 1700
Processor Information for processor 2
  Max Mhz: 1700, Current Mhz: 1700, Mhz Limit: 1700
Processor Information for processor 3
  Max Mhz: 1700, Current Mhz: 1700, Mhz Limit: 1700
Processor Information for processor 4
  Max Mhz: 1700, Current Mhz: 1700, Mhz Limit: 1700
Processor Information for processor 5
  Max Mhz: 1700, Current Mhz: 1700, Mhz Limit: 1700
Processor Information for processor 6
  Max Mhz: 1700, Current Mhz: 1700, Mhz Limit: 1700
Processor Information for processor 7
  Max Mhz: 1700, Current Mhz: 1700, Mhz Limit: 1700
Processor Information for processor 8
  Max Mhz: 1700, Current Mhz: 1200, Mhz Limit: 1190
Processor Information for processor 9
  Max Mhz: 1700, Current Mhz: 1200, Mhz Limit: 1190
Processor Information for processor 10
  Max Mhz: 1700, Current Mhz: 1200, Mhz Limit: 1190
Processor Information for processor 11
  Max Mhz: 1700, Current Mhz: 1200, Mhz Limit: 1190
Processor Information for processor 12
  Max Mhz: 1700, Current Mhz: 1200, Mhz Limit: 1190
Processor Information for processor 13
  Max Mhz: 1700, Current Mhz: 1200, Mhz Limit: 1190
Processor Information for processor 14
  Max Mhz: 1700, Current Mhz: 1200, Mhz Limit: 1190
Processor Information for processor 15
  Max Mhz: 1700, Current Mhz: 1200, Mhz Limit: 1190

Memory: 4k page, system-wide physical 7860M (467M free)
TotalPageFile size 18800M (AvailPageFile size 1M)
current process WorkingSet (physical memory assigned to process): 129M, peak: 291M
current process commit charge ("private bytes"): 355M, peak: 357M

vm_info: Java HotSpot(TM) 64-Bit Server VM (21.0.4+8-LTS-274) for windows-amd64 JRE (21.0.4+8-LTS-274), built on 2024-06-05T05:23:33Z by "mach5one" with MS VC++ 17.6 (VS2022)

END.
