#
# There is insufficient memory for the Java Runtime Environment to continue.
# Native memory allocation (mmap) failed to map 14680064 bytes for G1 virtual space
# Possible reasons:
#   The system is out of physical RAM or swap space
#   The process is running with CompressedOops enabled, and the Java Heap may be blocking the growth of the native heap
# Possible solutions:
#   Reduce memory load on the system
#   Increase physical memory or swap space
#   Check if swap backing store is full
#   Decrease Java heap size (-Xmx/-Xms)
#   Decrease number of Java threads
#   Decrease Java thread stack sizes (-Xss)
#   Set larger code cache with -XX:ReservedCodeCacheSize=
#   JVM is running with Unscaled Compressed Oops mode in which the Java heap is
#     placed in the first 4GB address space. The Java Heap base address is the
#     maximum limit for the native heap growth. Please use -XX:HeapBaseMinAddress
#     to set the Java Heap base and to place the Java Heap above 4GB virtual address.
# This output file may be truncated or incomplete.
#
#  Out of Memory Error (os_windows.cpp:3600), pid=16340, tid=21724
#
# JRE version: Java(TM) SE Runtime Environment (21.0.4+8) (build 21.0.4+8-LTS-274)
# Java VM: Java HotSpot(TM) 64-Bit Server VM (21.0.4+8-LTS-274, mixed mode, emulated-client, sharing, tiered, compressed oops, compressed class ptrs, g1 gc, windows-amd64)
# No core dump will be written. Minidumps are not enabled by default on client versions of Windows
#

---------------  S U M M A R Y ------------

Command Line: -XX:TieredStopAtLevel=1 -Dspring.output.ansi.enabled=always -Dcom.sun.management.jmxremote -Dspring.jmx.enabled=true -Dspring.liveBeansView.mbeanDomain -Dspring.application.admin.enabled=true -Dmanagement.endpoints.jmx.exposure.include=* -javaagent:D:\Downloads\IntelliJ IDEA 2024.2.3\lib\idea_rt.jar=52851:D:\Downloads\IntelliJ IDEA 2024.2.3\bin -Dfile.encoding=UTF-8 -Dsun.stdout.encoding=UTF-8 -Dsun.stderr.encoding=UTF-8 SE2.flightBooking.FlightBookingApplication

Host: 12th Gen Intel(R) Core(TM) i5-1240P, 16 cores, 7G,  Windows 11 , 64 bit Build 22621 (10.0.22621.3958)
Time: Wed Apr 16 06:28:32 2025 SE Asia Standard Time elapsed time: 5.290472 seconds (0d 0h 0m 5s)

---------------  T H R E A D  ---------------

Current thread (0x000001c42edd0de0):  VMThread "VM Thread"          [id=21724, stack(0x0000007a56100000,0x0000007a56200000) (1024K)]

Stack: [0x0000007a56100000,0x0000007a56200000]
Native frames: (J=compiled Java code, j=interpreted, Vv=VM code, C=native code)
V  [jvm.dll+0x6c8e59]
V  [jvm.dll+0x853181]
V  [jvm.dll+0x8556ae]
V  [jvm.dll+0x855d83]
V  [jvm.dll+0x27d526]
V  [jvm.dll+0x6c55f5]
V  [jvm.dll+0x6ba17a]
V  [jvm.dll+0x352a8a]
V  [jvm.dll+0x35a6e6]
V  [jvm.dll+0x3acdae]
V  [jvm.dll+0x3ad058]
V  [jvm.dll+0x326dec]
V  [jvm.dll+0x326e77]
V  [jvm.dll+0x36b75c]
V  [jvm.dll+0x369fae]
V  [jvm.dll+0x3265b1]
V  [jvm.dll+0x3696ca]
V  [jvm.dll+0x85bb50]
V  [jvm.dll+0x85ced4]
V  [jvm.dll+0x85d410]
V  [jvm.dll+0x85d6b3]
V  [jvm.dll+0x7fd65b]
V  [jvm.dll+0x6c753d]
C  [ucrtbase.dll+0x29333]
C  [KERNEL32.DLL+0x1257d]
C  [ntdll.dll+0x5af28]

VM_Operation (0x0000007a576fbf80): G1CollectForAllocation, mode: safepoint, requested by thread 0x000001c42fe79da0


---------------  P R O C E S S  ---------------

Threads class SMR info:
_java_thread_list=0x000001c475bdf2d0, length=26, elements={
0x000001c41be55700, 0x000001c42edeaaa0, 0x000001c42edeb7c0, 0x000001c42edee150,
0x000001c42edf4330, 0x000001c42edf64d0, 0x000001c42edf9480, 0x000001c42f348090,
0x000001c42f3d0bf0, 0x000001c42f4316e0, 0x000001c42f430940, 0x000001c42f8884b0,
0x000001c42f888b20, 0x000001c42fb58b00, 0x000001c42fe78a70, 0x000001c42fe79da0,
0x000001c475a8c640, 0x000001c475b16800, 0x000001c42f431010, 0x000001c476398400,
0x000001c476395ca0, 0x000001c476396330, 0x000001c476397d70, 0x000001c476398a90,
0x000001c476395610, 0x000001c476397050
}

Java Threads: ( => current thread )
  0x000001c41be55700 JavaThread "main"                              [_thread_blocked, id=18036, stack(0x0000007a55a00000,0x0000007a55b00000) (1024K)]
  0x000001c42edeaaa0 JavaThread "Reference Handler"          daemon [_thread_blocked, id=7096, stack(0x0000007a56200000,0x0000007a56300000) (1024K)]
  0x000001c42edeb7c0 JavaThread "Finalizer"                  daemon [_thread_blocked, id=14568, stack(0x0000007a56300000,0x0000007a56400000) (1024K)]
  0x000001c42edee150 JavaThread "Signal Dispatcher"          daemon [_thread_blocked, id=23228, stack(0x0000007a56400000,0x0000007a56500000) (1024K)]
  0x000001c42edf4330 JavaThread "Attach Listener"            daemon [_thread_blocked, id=20900, stack(0x0000007a56500000,0x0000007a56600000) (1024K)]
  0x000001c42edf64d0 JavaThread "Service Thread"             daemon [_thread_blocked, id=4292, stack(0x0000007a56600000,0x0000007a56700000) (1024K)]
  0x000001c42edf9480 JavaThread "Monitor Deflation Thread"   daemon [_thread_blocked, id=16528, stack(0x0000007a56700000,0x0000007a56800000) (1024K)]
  0x000001c42f348090 JavaThread "C1 CompilerThread0"         daemon [_thread_blocked, id=7048, stack(0x0000007a56800000,0x0000007a56900000) (1024K)]
  0x000001c42f3d0bf0 JavaThread "Common-Cleaner"             daemon [_thread_blocked, id=23848, stack(0x0000007a56900000,0x0000007a56a00000) (1024K)]
  0x000001c42f4316e0 JavaThread "C1 CompilerThread1"         daemon [_thread_blocked, id=23896, stack(0x0000007a56a00000,0x0000007a56b00000) (1024K)]
  0x000001c42f430940 JavaThread "C1 CompilerThread2"         daemon [_thread_blocked, id=14392, stack(0x0000007a56b00000,0x0000007a56c00000) (1024K)]
  0x000001c42f8884b0 JavaThread "Monitor Ctrl-Break"         daemon [_thread_in_native, id=15044, stack(0x0000007a56c00000,0x0000007a56d00000) (1024K)]
  0x000001c42f888b20 JavaThread "Notification Thread"        daemon [_thread_blocked, id=18532, stack(0x0000007a56d00000,0x0000007a56e00000) (1024K)]
  0x000001c42fb58b00 JavaThread "RMI TCP Accept-0"           daemon [_thread_in_native, id=13072, stack(0x0000007a56e00000,0x0000007a56f00000) (1024K)]
  0x000001c42fe78a70 JavaThread "Thread-0"                          [_thread_blocked, id=1136, stack(0x0000007a57500000,0x0000007a57600000) (1024K)]
  0x000001c42fe79da0 JavaThread "restartedMain"                     [_thread_blocked, id=15640, stack(0x0000007a57600000,0x0000007a57700000) (1024K)]
  0x000001c475a8c640 JavaThread "RMI TCP Connection(2)-192.168.1.18" daemon [_thread_in_native, id=3204, stack(0x0000007a57c00000,0x0000007a57d00000) (1024K)]
  0x000001c475b16800 JavaThread "RMI Scheduler(0)"           daemon [_thread_blocked, id=23148, stack(0x0000007a57d00000,0x0000007a57e00000) (1024K)]
  0x000001c42f431010 JavaThread "C1 CompilerThread3"         daemon [_thread_blocked, id=21660, stack(0x0000007a57e00000,0x0000007a57f00000) (1024K)]
  0x000001c476398400 JavaThread "Catalina-utility-1"                [_thread_blocked, id=16176, stack(0x0000007a57700000,0x0000007a57800000) (1024K)]
  0x000001c476395ca0 JavaThread "Catalina-utility-2"                [_thread_blocked, id=24028, stack(0x0000007a57f00000,0x0000007a58000000) (1024K)]
  0x000001c476396330 JavaThread "container-0"                       [_thread_blocked, id=12236, stack(0x0000007a58400000,0x0000007a58500000) (1024K)]
  0x000001c476397d70 JavaThread "mysql-cj-abandoned-connection-cleanup" daemon [_thread_blocked, id=3808, stack(0x0000007a58500000,0x0000007a58600000) (1024K)]
  0x000001c476398a90 JavaThread "HikariPool-1 housekeeper"   daemon [_thread_blocked, id=21264, stack(0x0000007a58700000,0x0000007a58800000) (1024K)]
  0x000001c476395610 JavaThread "HikariPool-1 connection adder" daemon [_thread_blocked, id=21512, stack(0x0000007a58800000,0x0000007a58900000) (1024K)]
  0x000001c476397050 JavaThread "RMI TCP Connection(3)-192.168.1.18" daemon [_thread_in_native, id=4752, stack(0x0000007a58900000,0x0000007a58a00000) (1024K)]
Total: 26

Other Threads:
=>0x000001c42edd0de0 VMThread "VM Thread"                           [id=21724, stack(0x0000007a56100000,0x0000007a56200000) (1024K)]
  0x000001c42edb7380 WatcherThread "VM Periodic Task Thread"        [id=24312, stack(0x0000007a56000000,0x0000007a56100000) (1024K)]
  0x000001c41e0d7630 WorkerThread "GC Thread#0"                     [id=12880, stack(0x0000007a55b00000,0x0000007a55c00000) (1024K)]
  0x000001c42fdfb8e0 WorkerThread "GC Thread#1"                     [id=23572, stack(0x0000007a56f00000,0x0000007a57000000) (1024K)]
  0x000001c42fe45d20 WorkerThread "GC Thread#2"                     [id=2504, stack(0x0000007a57000000,0x0000007a57100000) (1024K)]
  0x000001c42fe460c0 WorkerThread "GC Thread#3"                     [id=14136, stack(0x0000007a57100000,0x0000007a57200000) (1024K)]
  0x000001c42fe46c80 WorkerThread "GC Thread#4"                     [id=19512, stack(0x0000007a57200000,0x0000007a57300000) (1024K)]
  0x000001c42fe47840 WorkerThread "GC Thread#5"                     [id=15752, stack(0x0000007a57300000,0x0000007a57400000) (1024K)]
  0x000001c42fe48060 WorkerThread "GC Thread#6"                     [id=17312, stack(0x0000007a57400000,0x0000007a57500000) (1024K)]
  0x000001c47588e6a0 WorkerThread "GC Thread#7"                     [id=13692, stack(0x0000007a57800000,0x0000007a57900000) (1024K)]
  0x000001c47588fc60 WorkerThread "GC Thread#8"                     [id=19728, stack(0x0000007a57900000,0x0000007a57a00000) (1024K)]
  0x000001c47588f520 WorkerThread "GC Thread#9"                     [id=13160, stack(0x0000007a57a00000,0x0000007a57b00000) (1024K)]
  0x000001c47588e300 WorkerThread "GC Thread#10"                    [id=22600, stack(0x0000007a57b00000,0x0000007a57c00000) (1024K)]
  0x000001c47588ede0 WorkerThread "GC Thread#11"                    [id=22792, stack(0x0000007a58000000,0x0000007a58100000) (1024K)]
  0x000001c47588f180 WorkerThread "GC Thread#12"                    [id=7784, stack(0x0000007a58100000,0x0000007a58200000) (1024K)]
  0x000001c41e0e3f10 ConcurrentGCThread "G1 Main Marker"            [id=2676, stack(0x0000007a55c00000,0x0000007a55d00000) (1024K)]
  0x000001c41e0e4920 WorkerThread "G1 Conc#0"                       [id=13620, stack(0x0000007a55d00000,0x0000007a55e00000) (1024K)]
  0x000001c47588f8c0 WorkerThread "G1 Conc#1"                       [id=21588, stack(0x0000007a58200000,0x0000007a58300000) (1024K)]
  0x000001c475d96d60 WorkerThread "G1 Conc#2"                       [id=17840, stack(0x0000007a58300000,0x0000007a58400000) (1024K)]
  0x000001c42ec8c580 ConcurrentGCThread "G1 Refine#0"               [id=23620, stack(0x0000007a55e00000,0x0000007a55f00000) (1024K)]
  0x000001c42ec8d000 ConcurrentGCThread "G1 Service"                [id=2924, stack(0x0000007a55f00000,0x0000007a56000000) (1024K)]
Total: 21

Threads with active compile tasks:
C1 CompilerThread2     5310 8078       1       org.springframework.core.ResolvableType::forMethodParameter (23 bytes)
Total: 1

VM state: at safepoint (normal execution)

VM Mutex/Monitor currently owned by a thread:  ([mutex/lock_event])
[0x00007fffdc927e98] Threads_lock - owner thread: 0x000001c42edd0de0
[0x00007fffdc927f98] Heap_lock - owner thread: 0x000001c42fe79da0

Heap address: 0x0000000085200000, size: 1966 MB, Compressed Oops mode: 32-bit

CDS archive(s) mapped at: [0x000001c430000000-0x000001c430c90000-0x000001c430c90000), size 13172736, SharedBaseAddress: 0x000001c430000000, ArchiveRelocationMode: 1.
Compressed class space mapped at: 0x000001c431000000-0x000001c471000000, reserved size: 1073741824
Narrow klass base: 0x000001c430000000, Narrow klass shift: 0, Narrow klass range: 0x100000000

GC Precious Log:
 CardTable entry size: 512
 Card Set container configuration: InlinePtr #cards 5 size 8 Array Of Cards #cards 12 size 40 Howl #buckets 4 coarsen threshold 1843 Howl Bitmap #cards 512 size 80 coarsen threshold 460 Card regions per heap region 1 cards per card region 2048
 CPUs: 16 total, 16 available
 Memory: 7860M
 Large Page Support: Disabled
 NUMA Support: Disabled
 Compressed Oops: Enabled (32-bit)
 Heap Region Size: 1M
 Heap Min Capacity: 8M
 Heap Initial Capacity: 124M
 Heap Max Capacity: 1966M
 Pre-touch: Disabled
 Parallel Workers: 13
 Concurrent Workers: 3
 Concurrent Refinement Workers: 13
 Periodic GC: Disabled

Heap:
 garbage-first heap   total 70656K, used 37508K [0x0000000085200000, 0x0000000100000000)
  region size 1024K, 4 young (4096K), 4 survivors (4096K)
 Metaspace       used 75400K, committed 76160K, reserved 1179648K
  class space    used 10933K, committed 11264K, reserved 1048576K

Heap Regions: E=young(eden), S=young(survivor), O=old, HS=humongous(starts), HC=humongous(continues), CS=collection set, F=free, TAMS=top-at-mark-start, PB=parsable bottom
|   0|0x0000000085200000, 0x0000000085300000, 0x0000000085300000|100%|HS|  |TAMS 0x0000000085200000| PB 0x0000000085200000| Complete 
|   1|0x0000000085300000, 0x0000000085400000, 0x0000000085400000|100%|HS|  |TAMS 0x0000000085300000| PB 0x0000000085300000| Complete 
|   2|0x0000000085400000, 0x0000000085500000, 0x0000000085500000|100%| O|  |TAMS 0x0000000085400000| PB 0x0000000085400000| Untracked 
|   3|0x0000000085500000, 0x0000000085600000, 0x0000000085600000|100%| O|  |TAMS 0x0000000085500000| PB 0x0000000085500000| Untracked 
|   4|0x0000000085600000, 0x0000000085700000, 0x0000000085700000|100%| O|  |TAMS 0x0000000085600000| PB 0x0000000085600000| Untracked 
|   5|0x0000000085700000, 0x0000000085800000, 0x0000000085800000|100%| O|  |TAMS 0x0000000085700000| PB 0x0000000085700000| Untracked 
|   6|0x0000000085800000, 0x0000000085900000, 0x0000000085900000|100%| O|  |TAMS 0x0000000085800000| PB 0x0000000085800000| Untracked 
|   7|0x0000000085900000, 0x0000000085a00000, 0x0000000085a00000|100%| O|  |TAMS 0x0000000085900000| PB 0x0000000085900000| Untracked 
|   8|0x0000000085a00000, 0x0000000085b00000, 0x0000000085b00000|100%| O|  |TAMS 0x0000000085a00000| PB 0x0000000085a00000| Untracked 
|   9|0x0000000085b00000, 0x0000000085c00000, 0x0000000085c00000|100%| O|  |TAMS 0x0000000085b00000| PB 0x0000000085b00000| Untracked 
|  10|0x0000000085c00000, 0x0000000085d00000, 0x0000000085d00000|100%| O|  |TAMS 0x0000000085c00000| PB 0x0000000085c00000| Untracked 
|  11|0x0000000085d00000, 0x0000000085e00000, 0x0000000085e00000|100%| O|  |TAMS 0x0000000085d00000| PB 0x0000000085d00000| Untracked 
|  12|0x0000000085e00000, 0x0000000085f00000, 0x0000000085f00000|100%| O|  |TAMS 0x0000000085e00000| PB 0x0000000085e00000| Untracked 
|  13|0x0000000085f00000, 0x0000000086000000, 0x0000000086000000|100%| O|  |TAMS 0x0000000085f00000| PB 0x0000000085f00000| Untracked 
|  14|0x0000000086000000, 0x0000000086100000, 0x0000000086100000|100%| O|  |TAMS 0x0000000086000000| PB 0x0000000086000000| Untracked 
|  15|0x0000000086100000, 0x0000000086200000, 0x0000000086200000|100%| O|  |TAMS 0x0000000086100000| PB 0x0000000086100000| Untracked 
|  16|0x0000000086200000, 0x0000000086300000, 0x0000000086300000|100%| O|  |TAMS 0x0000000086200000| PB 0x0000000086200000| Untracked 
|  17|0x0000000086300000, 0x0000000086400000, 0x0000000086400000|100%| O|  |TAMS 0x0000000086300000| PB 0x0000000086300000| Untracked 
|  18|0x0000000086400000, 0x0000000086500000, 0x0000000086500000|100%| O|  |TAMS 0x0000000086400000| PB 0x0000000086400000| Untracked 
|  19|0x0000000086500000, 0x0000000086600000, 0x0000000086600000|100%| O|  |TAMS 0x0000000086500000| PB 0x0000000086500000| Untracked 
|  20|0x0000000086600000, 0x0000000086700000, 0x0000000086700000|100%| O|Cm|TAMS 0x0000000086600000| PB 0x0000000086600000| Complete 
|  21|0x0000000086700000, 0x0000000086800000, 0x0000000086800000|100%| O|  |TAMS 0x0000000086700000| PB 0x0000000086700000| Untracked 
|  22|0x0000000086800000, 0x0000000086900000, 0x0000000086900000|100%| O|  |TAMS 0x0000000086800000| PB 0x0000000086800000| Untracked 
|  23|0x0000000086900000, 0x0000000086a00000, 0x0000000086a00000|100%| O|  |TAMS 0x0000000086900000| PB 0x0000000086900000| Untracked 
|  24|0x0000000086a00000, 0x0000000086b00000, 0x0000000086b00000|100%| O|  |TAMS 0x0000000086a00000| PB 0x0000000086a00000| Untracked 
|  25|0x0000000086b00000, 0x0000000086c00000, 0x0000000086c00000|100%| O|  |TAMS 0x0000000086b00000| PB 0x0000000086b00000| Untracked 
|  26|0x0000000086c00000, 0x0000000086d00000, 0x0000000086d00000|100%| O|  |TAMS 0x0000000086c00000| PB 0x0000000086c00000| Untracked 
|  27|0x0000000086d00000, 0x0000000086e00000, 0x0000000086e00000|100%| O|  |TAMS 0x0000000086d00000| PB 0x0000000086d00000| Untracked 
|  28|0x0000000086e00000, 0x0000000086ef3f00, 0x0000000086f00000| 95%| O|  |TAMS 0x0000000086e00000| PB 0x0000000086e00000| Untracked 
|  29|0x0000000086f00000, 0x0000000086f00000, 0x0000000087000000|  0%| F|  |TAMS 0x0000000086f00000| PB 0x0000000086f00000| Untracked 
|  30|0x0000000087000000, 0x0000000087000000, 0x0000000087100000|  0%| F|  |TAMS 0x0000000087000000| PB 0x0000000087000000| Untracked 
|  31|0x0000000087100000, 0x0000000087100000, 0x0000000087200000|  0%| F|  |TAMS 0x0000000087100000| PB 0x0000000087100000| Untracked 
|  32|0x0000000087200000, 0x00000000872ad160, 0x0000000087300000| 67%| S|CS|TAMS 0x0000000087200000| PB 0x0000000087200000| Complete 
|  33|0x0000000087300000, 0x0000000087400000, 0x0000000087400000|100%| O|  |TAMS 0x0000000087300000| PB 0x0000000087300000| Untracked 
|  34|0x0000000087400000, 0x0000000087500000, 0x0000000087500000|100%| O|  |TAMS 0x0000000087400000| PB 0x0000000087400000| Untracked 
|  35|0x0000000087500000, 0x0000000087600000, 0x0000000087600000|100%| O|  |TAMS 0x0000000087500000| PB 0x0000000087500000| Untracked 
|  36|0x0000000087600000, 0x0000000087700000, 0x0000000087700000|100%| O|  |TAMS 0x0000000087600000| PB 0x0000000087600000| Untracked 
|  37|0x0000000087700000, 0x0000000087800000, 0x0000000087800000|100%| S|CS|TAMS 0x0000000087700000| PB 0x0000000087700000| Complete 
|  38|0x0000000087800000, 0x0000000087900000, 0x0000000087900000|100%| S|CS|TAMS 0x0000000087800000| PB 0x0000000087800000| Complete 
|  39|0x0000000087900000, 0x0000000087a00000, 0x0000000087a00000|100%| S|CS|TAMS 0x0000000087900000| PB 0x0000000087900000| Complete 
|  40|0x0000000087a00000, 0x0000000087a00000, 0x0000000087b00000|  0%| F|  |TAMS 0x0000000087a00000| PB 0x0000000087a00000| Untracked 
|  41|0x0000000087b00000, 0x0000000087b00000, 0x0000000087c00000|  0%| F|  |TAMS 0x0000000087b00000| PB 0x0000000087b00000| Untracked 
|  42|0x0000000087c00000, 0x0000000087c00000, 0x0000000087d00000|  0%| F|  |TAMS 0x0000000087c00000| PB 0x0000000087c00000| Untracked 
|  43|0x0000000087d00000, 0x0000000087d00000, 0x0000000087e00000|  0%| F|  |TAMS 0x0000000087d00000| PB 0x0000000087d00000| Untracked 
|  44|0x0000000087e00000, 0x0000000087e00000, 0x0000000087f00000|  0%| F|  |TAMS 0x0000000087e00000| PB 0x0000000087e00000| Untracked 
|  45|0x0000000087f00000, 0x0000000087f00000, 0x0000000088000000|  0%| F|  |TAMS 0x0000000087f00000| PB 0x0000000087f00000| Untracked 
|  46|0x0000000088000000, 0x0000000088000000, 0x0000000088100000|  0%| F|  |TAMS 0x0000000088000000| PB 0x0000000088000000| Untracked 
|  47|0x0000000088100000, 0x0000000088100000, 0x0000000088200000|  0%| F|  |TAMS 0x0000000088100000| PB 0x0000000088100000| Untracked 
|  48|0x0000000088200000, 0x0000000088200000, 0x0000000088300000|  0%| F|  |TAMS 0x0000000088200000| PB 0x0000000088200000| Untracked 
|  49|0x0000000088300000, 0x0000000088300000, 0x0000000088400000|  0%| F|  |TAMS 0x0000000088300000| PB 0x0000000088300000| Untracked 
|  50|0x0000000088400000, 0x0000000088400000, 0x0000000088500000|  0%| F|  |TAMS 0x0000000088400000| PB 0x0000000088400000| Untracked 
|  51|0x0000000088500000, 0x0000000088500000, 0x0000000088600000|  0%| F|  |TAMS 0x0000000088500000| PB 0x0000000088500000| Untracked 
|  52|0x0000000088600000, 0x0000000088600000, 0x0000000088700000|  0%| F|  |TAMS 0x0000000088600000| PB 0x0000000088600000| Untracked 
|  53|0x0000000088700000, 0x0000000088700000, 0x0000000088800000|  0%| F|  |TAMS 0x0000000088700000| PB 0x0000000088700000| Untracked 
|  54|0x0000000088800000, 0x0000000088800000, 0x0000000088900000|  0%| F|  |TAMS 0x0000000088800000| PB 0x0000000088800000| Untracked 
|  55|0x0000000088900000, 0x0000000088900000, 0x0000000088a00000|  0%| F|  |TAMS 0x0000000088900000| PB 0x0000000088900000| Untracked 
|  56|0x0000000088a00000, 0x0000000088a00000, 0x0000000088b00000|  0%| F|  |TAMS 0x0000000088a00000| PB 0x0000000088a00000| Untracked 
|  57|0x0000000088b00000, 0x0000000088b00000, 0x0000000088c00000|  0%| F|  |TAMS 0x0000000088b00000| PB 0x0000000088b00000| Untracked 
|  58|0x0000000088c00000, 0x0000000088c00000, 0x0000000088d00000|  0%| F|  |TAMS 0x0000000088c00000| PB 0x0000000088c00000| Untracked 
|  59|0x0000000088d00000, 0x0000000088d00000, 0x0000000088e00000|  0%| F|  |TAMS 0x0000000088d00000| PB 0x0000000088d00000| Untracked 
|  60|0x0000000088e00000, 0x0000000088e00000, 0x0000000088f00000|  0%| F|  |TAMS 0x0000000088e00000| PB 0x0000000088e00000| Untracked 
|  76|0x0000000089e00000, 0x0000000089e00000, 0x0000000089f00000|  0%| F|  |TAMS 0x0000000089e00000| PB 0x0000000089e00000| Untracked 
|  77|0x0000000089f00000, 0x0000000089f00000, 0x000000008a000000|  0%| F|  |TAMS 0x0000000089f00000| PB 0x0000000089f00000| Untracked 
|  78|0x000000008a000000, 0x000000008a000000, 0x000000008a100000|  0%| F|  |TAMS 0x000000008a000000| PB 0x000000008a000000| Untracked 
|  79|0x000000008a100000, 0x000000008a100000, 0x000000008a200000|  0%| F|  |TAMS 0x000000008a100000| PB 0x000000008a100000| Untracked 
|  80|0x000000008a200000, 0x000000008a200000, 0x000000008a300000|  0%| F|  |TAMS 0x000000008a200000| PB 0x000000008a200000| Untracked 
|  81|0x000000008a300000, 0x000000008a300000, 0x000000008a400000|  0%| F|  |TAMS 0x000000008a300000| PB 0x000000008a300000| Untracked 
| 122|0x000000008cc00000, 0x000000008cc00000, 0x000000008cd00000|  0%| F|  |TAMS 0x000000008cc00000| PB 0x000000008cc00000| Untracked 
| 123|0x000000008cd00000, 0x000000008cd00000, 0x000000008ce00000|  0%| F|  |TAMS 0x000000008cd00000| PB 0x000000008cd00000| Untracked 

Card table byte_map: [0x000001c429f00000,0x000001c42a2e0000] _byte_map_base: 0x000001c429ad7000

Marking Bits: (CMBitMap*) 0x000001c41e0d7c40
 Bits: [0x000001c42a2e0000, 0x000001c42c198000)

Polling page: 0x000001c41bfd0000

Metaspace:

Usage:
  Non-class:     62.96 MB used.
      Class:     10.68 MB used.
       Both:     73.63 MB used.

Virtual space:
  Non-class space:      128.00 MB reserved,      63.38 MB ( 50%) committed,  2 nodes.
      Class space:        1.00 GB reserved,      11.00 MB (  1%) committed,  1 nodes.
             Both:        1.12 GB reserved,      74.38 MB (  6%) committed. 

Chunk freelists:
   Non-Class:  15.72 MB
       Class:  4.83 MB
        Both:  20.55 MB

MaxMetaspaceSize: unlimited
CompressedClassSpaceSize: 1.00 GB
Initial GC threshold: 21.00 MB
Current GC threshold: 120.75 MB
CDS: on
 - commit_granule_bytes: 65536.
 - commit_granule_words: 8192.
 - virtual_space_node_default_size: 8388608.
 - enlarge_chunks_in_place: 1.
 - use_allocation_guard: 0.


Internal statistics:

num_allocs_failed_limit: 9.
num_arena_births: 1084.
num_arena_deaths: 0.
num_vsnodes_births: 3.
num_vsnodes_deaths: 0.
num_space_committed: 1189.
num_space_uncommitted: 0.
num_chunks_returned_to_freelist: 9.
num_chunks_taken_from_freelist: 3721.
num_chunk_merges: 9.
num_chunk_splits: 2692.
num_chunks_enlarged: 2084.
num_inconsistent_stats: 0.

CodeCache: size=49152Kb used=14486Kb max_used=14742Kb free=34665Kb
 bounds [0x000001c4264c0000, 0x000001c427330000, 0x000001c4294c0000]
 total_blobs=8078 nmethods=7333 adapters=665
 compilation: enabled
              stopped_count=0, restarted_count=0
 full_count=0

Compilation events (20 events):
Event: 5.254 Thread 0x000001c42f431010 nmethod 8068 0x000001c4269f0010 code [0x000001c4269f01a0, 0x000001c4269f0268]
Event: 5.254 Thread 0x000001c42f431010 8069       1       java.lang.invoke.LambdaFormBuffer::replaceFunctions (121 bytes)
Event: 5.255 Thread 0x000001c42f431010 nmethod 8069 0x000001c426824210 code [0x000001c426824460, 0x000001c4268249d0]
Event: 5.262 Thread 0x000001c42f348090 8070       1       org.springframework.orm.jpa.support.PersistenceAnnotationBeanPostProcessor$$Lambda/0x000001c431410430::<init> (15 bytes)
Event: 5.262 Thread 0x000001c42f4316e0 8071       1       org.springframework.orm.jpa.support.PersistenceAnnotationBeanPostProcessor$$Lambda/0x000001c431410650::<init> (20 bytes)
Event: 5.262 Thread 0x000001c42f348090 nmethod 8070 0x000001c426a02c90 code [0x000001c426a02e20, 0x000001c426a02f80]
Event: 5.262 Thread 0x000001c42f4316e0 nmethod 8071 0x000001c4269ec910 code [0x000001c4269ecaa0, 0x000001c4269ecc78]
Event: 5.263 Thread 0x000001c42f348090 8072       1       jdk.proxy2.$Proxy46::<init> (6 bytes)
Event: 5.263 Thread 0x000001c42f348090 nmethod 8072 0x000001c426a29290 code [0x000001c426a29440, 0x000001c426a29600]
Event: 5.267 Thread 0x000001c42f4316e0 8073       1       org.springframework.context.annotation.CommonAnnotationBeanPostProcessor$$Lambda/0x000001c431410a90::<init> (15 bytes)
Event: 5.267 Thread 0x000001c42f348090 8074       1       org.springframework.context.annotation.CommonAnnotationBeanPostProcessor$$Lambda/0x000001c431410cb0::<init> (20 bytes)
Event: 5.267 Thread 0x000001c42f431010 8075       1       org.springframework.beans.factory.annotation.AutowiredAnnotationBeanPostProcessor$$Lambda/0x000001c431410ed0::<init> (15 bytes)
Event: 5.267 Thread 0x000001c42f430940 8077   !   1       org.springframework.beans.factory.annotation.AutowiredAnnotationBeanPostProcessor::sortMethodElements (240 bytes)
Event: 5.268 Thread 0x000001c42f431010 nmethod 8075 0x000001c426a1b510 code [0x000001c426a1b6a0, 0x000001c426a1b800]
Event: 5.268 Thread 0x000001c42f4316e0 nmethod 8073 0x000001c426a30d90 code [0x000001c426a30f20, 0x000001c426a31080]
Event: 5.268 Thread 0x000001c42f348090 nmethod 8074 0x000001c426a0a590 code [0x000001c426a0a720, 0x000001c426a0a8f8]
Event: 5.268 Thread 0x000001c42f431010 8076       1       org.springframework.beans.factory.annotation.AutowiredAnnotationBeanPostProcessor$$Lambda/0x000001c4314110f0::<init> (20 bytes)
Event: 5.268 Thread 0x000001c42f431010 nmethod 8076 0x000001c426a3a890 code [0x000001c426a3aa20, 0x000001c426a3abf8]
Event: 5.268 Thread 0x000001c42f430940 nmethod 8077 0x000001c426a36890 code [0x000001c426a36bc0, 0x000001c426a37618]
Event: 5.286 Thread 0x000001c42f430940 8078       1       org.springframework.core.ResolvableType::forMethodParameter (23 bytes)

GC Heap History (20 events):
Event: 2.023 GC heap after
{Heap after GC invocations=7 (full 0):
 garbage-first heap   total 58368K, used 21454K [0x0000000085200000, 0x0000000100000000)
  region size 1024K, 4 young (4096K), 4 survivors (4096K)
 Metaspace       used 31905K, committed 32512K, reserved 1114112K
  class space    used 4452K, committed 4736K, reserved 1048576K
}
Event: 2.303 GC heap before
{Heap before GC invocations=7 (full 0):
 garbage-first heap   total 58368K, used 46030K [0x0000000085200000, 0x0000000100000000)
  region size 1024K, 29 young (29696K), 4 survivors (4096K)
 Metaspace       used 35677K, committed 36288K, reserved 1114112K
  class space    used 4968K, committed 5248K, reserved 1048576K
}
Event: 2.306 GC heap after
{Heap after GC invocations=8 (full 0):
 garbage-first heap   total 58368K, used 23240K [0x0000000085200000, 0x0000000100000000)
  region size 1024K, 2 young (2048K), 2 survivors (2048K)
 Metaspace       used 35677K, committed 36288K, reserved 1114112K
  class space    used 4968K, committed 5248K, reserved 1048576K
}
Event: 2.602 GC heap before
{Heap before GC invocations=9 (full 0):
 garbage-first heap   total 58368K, used 48840K [0x0000000085200000, 0x0000000100000000)
  region size 1024K, 28 young (28672K), 2 survivors (2048K)
 Metaspace       used 42639K, committed 43328K, reserved 1114112K
  class space    used 6001K, committed 6336K, reserved 1048576K
}
Event: 2.605 GC heap after
{Heap after GC invocations=10 (full 0):
 garbage-first heap   total 70656K, used 25230K [0x0000000085200000, 0x0000000100000000)
  region size 1024K, 4 young (4096K), 4 survivors (4096K)
 Metaspace       used 42639K, committed 43328K, reserved 1114112K
  class space    used 6001K, committed 6336K, reserved 1048576K
}
Event: 3.124 GC heap before
{Heap before GC invocations=10 (full 0):
 garbage-first heap   total 70656K, used 60046K [0x0000000085200000, 0x0000000100000000)
  region size 1024K, 39 young (39936K), 4 survivors (4096K)
 Metaspace       used 53348K, committed 54016K, reserved 1114112K
  class space    used 7380K, committed 7680K, reserved 1048576K
}
Event: 3.127 GC heap after
{Heap after GC invocations=11 (full 0):
 garbage-first heap   total 70656K, used 27654K [0x0000000085200000, 0x0000000100000000)
  region size 1024K, 5 young (5120K), 5 survivors (5120K)
 Metaspace       used 53348K, committed 54016K, reserved 1114112K
  class space    used 7380K, committed 7680K, reserved 1048576K
}
Event: 3.474 GC heap before
{Heap before GC invocations=11 (full 0):
 garbage-first heap   total 70656K, used 59398K [0x0000000085200000, 0x0000000100000000)
  region size 1024K, 37 young (37888K), 5 survivors (5120K)
 Metaspace       used 59919K, committed 60608K, reserved 1114112K
  class space    used 8447K, committed 8768K, reserved 1048576K
}
Event: 3.476 GC heap after
{Heap after GC invocations=12 (full 0):
 garbage-first heap   total 70656K, used 29074K [0x0000000085200000, 0x0000000100000000)
  region size 1024K, 2 young (2048K), 2 survivors (2048K)
 Metaspace       used 59919K, committed 60608K, reserved 1114112K
  class space    used 8447K, committed 8768K, reserved 1048576K
}
Event: 3.520 GC heap before
{Heap before GC invocations=12 (full 0):
 garbage-first heap   total 70656K, used 36242K [0x0000000085200000, 0x0000000100000000)
  region size 1024K, 10 young (10240K), 2 survivors (2048K)
 Metaspace       used 60074K, committed 60736K, reserved 1114112K
  class space    used 8461K, committed 8768K, reserved 1048576K
}
Event: 3.522 GC heap after
{Heap after GC invocations=13 (full 0):
 garbage-first heap   total 70656K, used 28955K [0x0000000085200000, 0x0000000100000000)
  region size 1024K, 2 young (2048K), 2 survivors (2048K)
 Metaspace       used 60074K, committed 60736K, reserved 1114112K
  class space    used 8461K, committed 8768K, reserved 1048576K
}
Event: 4.441 GC heap before
{Heap before GC invocations=14 (full 0):
 garbage-first heap   total 70656K, used 62747K [0x0000000085200000, 0x0000000100000000)
  region size 1024K, 36 young (36864K), 2 survivors (2048K)
 Metaspace       used 66444K, committed 67200K, reserved 1114112K
  class space    used 9388K, committed 9728K, reserved 1048576K
}
Event: 4.447 GC heap after
{Heap after GC invocations=15 (full 0):
 garbage-first heap   total 70656K, used 32087K [0x0000000085200000, 0x0000000100000000)
  region size 1024K, 5 young (5120K), 5 survivors (5120K)
 Metaspace       used 66444K, committed 67200K, reserved 1114112K
  class space    used 9388K, committed 9728K, reserved 1048576K
}
Event: 4.768 GC heap before
{Heap before GC invocations=15 (full 0):
 garbage-first heap   total 70656K, used 60759K [0x0000000085200000, 0x0000000100000000)
  region size 1024K, 33 young (33792K), 5 survivors (5120K)
 Metaspace       used 70082K, committed 70848K, reserved 1114112K
  class space    used 10055K, committed 10368K, reserved 1048576K
}
Event: 4.770 GC heap after
{Heap after GC invocations=16 (full 0):
 garbage-first heap   total 70656K, used 33724K [0x0000000085200000, 0x0000000100000000)
  region size 1024K, 2 young (2048K), 2 survivors (2048K)
 Metaspace       used 70082K, committed 70848K, reserved 1114112K
  class space    used 10055K, committed 10368K, reserved 1048576K
}
Event: 4.897 GC heap before
{Heap before GC invocations=16 (full 0):
 garbage-first heap   total 70656K, used 62396K [0x0000000085200000, 0x0000000100000000)
  region size 1024K, 31 young (31744K), 2 survivors (2048K)
 Metaspace       used 71869K, committed 72640K, reserved 1114112K
  class space    used 10433K, committed 10752K, reserved 1048576K
}
Event: 4.901 GC heap after
{Heap after GC invocations=17 (full 0):
 garbage-first heap   total 70656K, used 35007K [0x0000000085200000, 0x0000000100000000)
  region size 1024K, 4 young (4096K), 4 survivors (4096K)
 Metaspace       used 71869K, committed 72640K, reserved 1114112K
  class space    used 10433K, committed 10752K, reserved 1048576K
}
Event: 4.996 GC heap before
{Heap before GC invocations=17 (full 0):
 garbage-first heap   total 70656K, used 61631K [0x0000000085200000, 0x0000000100000000)
  region size 1024K, 30 young (30720K), 4 survivors (4096K)
 Metaspace       used 73324K, committed 74112K, reserved 1114112K
  class space    used 10624K, committed 10944K, reserved 1048576K
}
Event: 4.999 GC heap after
{Heap after GC invocations=18 (full 0):
 garbage-first heap   total 70656K, used 35837K [0x0000000085200000, 0x0000000100000000)
  region size 1024K, 3 young (3072K), 3 survivors (3072K)
 Metaspace       used 73324K, committed 74112K, reserved 1114112K
  class space    used 10624K, committed 10944K, reserved 1048576K
}
Event: 5.287 GC heap before
{Heap before GC invocations=19 (full 0):
 garbage-first heap   total 70656K, used 62461K [0x0000000085200000, 0x0000000100000000)
  region size 1024K, 29 young (29696K), 3 survivors (3072K)
 Metaspace       used 75400K, committed 76160K, reserved 1179648K
  class space    used 10933K, committed 11264K, reserved 1048576K
}

Dll operation events (13 events):
Event: 0.011 Loaded shared library D:\Downloads\jdk-21.0.4_windows-x64_bin\jdk-21.0.4\bin\java.dll
Event: 0.099 Loaded shared library D:\Downloads\jdk-21.0.4_windows-x64_bin\jdk-21.0.4\bin\zip.dll
Event: 0.102 Loaded shared library D:\Downloads\jdk-21.0.4_windows-x64_bin\jdk-21.0.4\bin\instrument.dll
Event: 0.105 Loaded shared library D:\Downloads\jdk-21.0.4_windows-x64_bin\jdk-21.0.4\bin\net.dll
Event: 0.108 Loaded shared library D:\Downloads\jdk-21.0.4_windows-x64_bin\jdk-21.0.4\bin\nio.dll
Event: 0.111 Loaded shared library D:\Downloads\jdk-21.0.4_windows-x64_bin\jdk-21.0.4\bin\zip.dll
Event: 0.174 Loaded shared library D:\Downloads\IntelliJ IDEA 2024.2.3\bin\breakgen64.dll
Event: 0.178 Loaded shared library D:\Downloads\jdk-21.0.4_windows-x64_bin\jdk-21.0.4\bin\jimage.dll
Event: 0.183 Loaded shared library D:\Downloads\jdk-21.0.4_windows-x64_bin\jdk-21.0.4\bin\extnet.dll
Event: 0.194 Loaded shared library D:\Downloads\jdk-21.0.4_windows-x64_bin\jdk-21.0.4\bin\management.dll
Event: 0.205 Loaded shared library D:\Downloads\jdk-21.0.4_windows-x64_bin\jdk-21.0.4\bin\management_ext.dll
Event: 1.266 Loaded shared library D:\Downloads\jdk-21.0.4_windows-x64_bin\jdk-21.0.4\bin\sunmscapi.dll
Event: 2.401 Loaded shared library D:\Downloads\jdk-21.0.4_windows-x64_bin\jdk-21.0.4\bin\verify.dll

Deoptimization events (0 events):
No events

Classes loaded (20 events):
Event: 5.098 Loading class com/sun/crypto/provider/HmacCore$HmacSHA512
Event: 5.098 Loading class com/sun/crypto/provider/HmacCore$HmacSHA512 done
Event: 5.099 Loading class sun/reflect/annotation/AnnotationInvocationHandler$1
Event: 5.099 Loading class sun/reflect/annotation/AnnotationInvocationHandler$1 done
Event: 5.128 Loading class java/util/Base64
Event: 5.128 Loading class java/util/Base64 done
Event: 5.128 Loading class java/util/Base64$Encoder
Event: 5.128 Loading class java/util/Base64$Encoder done
Event: 5.130 Loading class java/nio/StringCharBuffer
Event: 5.130 Loading class java/nio/StringCharBuffer done
Event: 5.131 Loading class javax/crypto/SecretKeyFactory
Event: 5.131 Loading class javax/crypto/SecretKeyFactory done
Event: 5.131 Loading class com/sun/crypto/provider/PBKDF2Core$HmacSHA256
Event: 5.131 Loading class com/sun/crypto/provider/PBKDF2Core
Event: 5.132 Loading class javax/crypto/SecretKeyFactorySpi
Event: 5.132 Loading class javax/crypto/SecretKeyFactorySpi done
Event: 5.132 Loading class com/sun/crypto/provider/PBKDF2Core done
Event: 5.132 Loading class com/sun/crypto/provider/PBKDF2Core$HmacSHA256 done
Event: 5.155 Loading class java/time/DurationEditor
Event: 5.155 Loading class java/time/DurationEditor done

Classes unloaded (0 events):
No events

Classes redefined (0 events):
No events

Internal exceptions (20 events):
Event: 3.601 Thread 0x000001c42fe79da0 Exception <a 'java/lang/NoSuchMethodError'{0x000000008a03ac20}: 'int java.lang.invoke.DirectMethodHandle$Holder.invokeStatic(java.lang.Object, int, java.lang.Object)'> (0x000000008a03ac20) 
thrown [s\open\src\hotspot\share\interpreter\linkResolver.cpp, line 773]
Event: 3.602 Thread 0x000001c42fe79da0 Exception <a 'java/lang/NoSuchMethodError'{0x000000008a0553b0}: 'java.lang.Object java.lang.invoke.DirectMethodHandle$Holder.newInvokeSpecial(java.lang.Object, java.lang.Object, java.lang.Object, java.lang.Object, java.lang.Object, int, java.lang.Object)'> (0x000000008a0553b0) 
thrown [s\open\src\hotspot\share\interpreter\linkResolver.cpp, line 773]
Event: 3.605 Thread 0x000001c42fe79da0 Exception <a 'java/lang/NoSuchMethodError'{0x000000008a08ae10}: 'java.lang.Object java.lang.invoke.DirectMethodHandle$Holder.newInvokeSpecial(java.lang.Object, java.lang.Object, java.lang.Object, java.lang.Object, java.lang.Object, java.lang.Object, java.lang.Object, java.lang.Object, java.lang.Object, java.lang.Object, java.lang.Object, java.lang.Object)'> (0x000000008a08ae10) 
thrown [s\open\src\hotspot\share\interpreter\linkResolver.cpp, line 773]
Event: 3.605 Thread 0x000001c42fe79da0 Exception <a 'java/lang/NoSuchMethodError'{0x000000008a08f6a8}: 'java.lang.Object java.lang.invoke.DirectMethodHandle$Holder.invokeSpecial(java.lang.Object, java.lang.Object, java.lang.Object, java.lang.Object, java.lang.Object, java.lang.Object, java.lang.Object, java.lang.Object, java.lang.Object, java.lang.Object, java.lang.Object, java.lang.Object, java.lang.Object)'> (0x000000008a08f6a8) 
thrown [s\open\src\hotspot\share\interpreter\linkResolver.cpp, line 773]
Event: 3.605 Thread 0x000001c42fe79da0 Exception <a 'java/lang/NoSuchMethodError'{0x000000008a093b80}: 'java.lang.Object java.lang.invoke.Invokers$Holder.linkToTargetMethod(java.lang.Object, java.lang.Object, java.lang.Object, java.lang.Object, java.lang.Object, java.lang.Object, java.lang.Object, java.lang.Object, java.lang.Object, java.lang.Object, java.lang.Object, java.lang.Object)'> (0x000000008a093b80) 
thrown [s\open\src\hotspot\share\interpreter\linkResolver.cpp, line 773]
Event: 3.626 Thread 0x000001c42fe79da0 Exception <a 'java/lang/IncompatibleClassChangeError'{0x0000000089e56728}: Found class java.lang.Object, but interface was expected> (0x0000000089e56728) 
thrown [s\open\src\hotspot\share\interpreter\linkResolver.cpp, line 840]
Event: 3.633 Thread 0x000001c42fe79da0 Exception <a 'java/lang/NoSuchMethodError'{0x0000000089ef4178}: 'java.lang.Object java.lang.invoke.DirectMethodHandle$Holder.newInvokeSpecial(java.lang.Object, java.lang.Object, int, java.lang.Object, int, java.lang.Object, java.lang.Object)'> (0x0000000089ef4178) 
thrown [s\open\src\hotspot\share\interpreter\linkResolver.cpp, line 773]
Event: 3.638 Thread 0x000001c42fe79da0 Exception <a 'java/lang/NoSuchMethodError'{0x0000000088c6bd90}: 'java.lang.Object java.lang.invoke.DirectMethodHandle$Holder.newInvokeSpecial(java.lang.Object, java.lang.Object, java.lang.Object, java.lang.Object, java.lang.Object, java.lang.Object, java.lang.Object, int)'> (0x0000000088c6bd90) 
thrown [s\open\src\hotspot\share\interpreter\linkResolver.cpp, line 773]
Event: 3.638 Thread 0x000001c42fe79da0 Exception <a 'java/lang/NoSuchMethodError'{0x0000000088c702f0}: 'java.lang.Object java.lang.invoke.DirectMethodHandle$Holder.invokeSpecial(java.lang.Object, java.lang.Object, java.lang.Object, java.lang.Object, java.lang.Object, java.lang.Object, java.lang.Object, java.lang.Object, int)'> (0x0000000088c702f0) 
thrown [s\open\src\hotspot\share\interpreter\linkResolver.cpp, line 773]
Event: 3.638 Thread 0x000001c42fe79da0 Exception <a 'java/lang/NoSuchMethodError'{0x0000000088c74308}: 'java.lang.Object java.lang.invoke.Invokers$Holder.linkToTargetMethod(java.lang.Object, java.lang.Object, java.lang.Object, java.lang.Object, java.lang.Object, java.lang.Object, int, java.lang.Object)'> (0x0000000088c74308) 
thrown [s\open\src\hotspot\share\interpreter\linkResolver.cpp, line 773]
Event: 3.759 Thread 0x000001c42fe79da0 Exception <a 'java/lang/NoSuchMethodError'{0x00000000886e8fc8}: 'java.lang.Object java.lang.invoke.DirectMethodHandle$Holder.invokeSpecial(java.lang.Object, java.lang.Object, int, java.lang.Object, int)'> (0x00000000886e8fc8) 
thrown [s\open\src\hotspot\share\interpreter\linkResolver.cpp, line 773]
Event: 4.227 Thread 0x000001c42fe79da0 Exception <a 'java/lang/NoSuchMethodError'{0x0000000088226488}: 'void java.lang.invoke.Invokers$Holder.invokeExact_MT(java.lang.Object, java.lang.Object, java.lang.Object, java.lang.Object)'> (0x0000000088226488) 
thrown [s\open\src\hotspot\share\interpreter\linkResolver.cpp, line 773]
Event: 4.271 Thread 0x000001c42fe79da0 Exception <a 'java/lang/IncompatibleClassChangeError'{0x0000000087e9a548}: Found class java.lang.Object, but interface was expected> (0x0000000087e9a548) 
thrown [s\open\src\hotspot\share\interpreter\linkResolver.cpp, line 840]
Event: 4.302 Thread 0x000001c42fe79da0 Exception <a 'java/lang/IncompatibleClassChangeError'{0x0000000087c32060}: Found class java.lang.Object, but interface was expected> (0x0000000087c32060) 
thrown [s\open\src\hotspot\share\interpreter\linkResolver.cpp, line 840]
Event: 4.429 Thread 0x000001c42fe79da0 Exception <a 'java/lang/IncompatibleClassChangeError'{0x000000008735ffa0}: Found class java.lang.Object, but interface was expected> (0x000000008735ffa0) 
thrown [s\open\src\hotspot\share\interpreter\linkResolver.cpp, line 840]
Event: 4.515 Thread 0x000001c42fe79da0 Exception <a 'java/lang/IncompatibleClassChangeError'{0x000000008a327648}: Found class java.lang.Object, but interface was expected> (0x000000008a327648) 
thrown [s\open\src\hotspot\share\interpreter\linkResolver.cpp, line 840]
Event: 4.515 Thread 0x000001c42fe79da0 Exception <a 'java/lang/IncompatibleClassChangeError'{0x000000008a32cde8}: Found class java.lang.Object, but interface was expected> (0x000000008a32cde8) 
thrown [s\open\src\hotspot\share\interpreter\linkResolver.cpp, line 840]
Event: 4.554 Thread 0x000001c42fe79da0 Exception <a 'java/lang/NoSuchMethodError'{0x000000008a114818}: 'java.lang.Object java.lang.invoke.DirectMethodHandle$Holder.invokeStatic(java.lang.Object, int, java.lang.Object)'> (0x000000008a114818) 
thrown [s\open\src\hotspot\share\interpreter\linkResolver.cpp, line 773]
Event: 4.594 Thread 0x000001c42fe79da0 Exception <a 'java/lang/NoSuchMethodError'{0x0000000089ef9060}: 'int java.lang.invoke.DirectMethodHandle$Holder.invokeStaticInit(java.lang.Object, int, java.lang.Object, java.lang.Object, java.lang.Object, java.lang.Object)'> (0x0000000089ef9060) 
thrown [s\open\src\hotspot\share\interpreter\linkResolver.cpp, line 773]
Event: 5.163 Thread 0x000001c42fe79da0 Exception <a 'java/lang/NoSuchMethodError'{0x00000000886dd620}: 'java.lang.Object java.lang.invoke.DirectMethodHandle$Holder.newInvokeSpecial(java.lang.Object, java.lang.Object, java.lang.Object, java.lang.Object, java.lang.Object, java.lang.Object, java.lang.Object, java.lang.Object)'> (0x00000000886dd620) 
thrown [s\open\src\hotspot\share\interpreter\linkResolver.cpp, line 773]

ZGC Phase Switch (0 events):
No events

VM Operations (20 events):
Event: 4.561 Executing VM operation: HandshakeAllThreads (Deoptimize) done
Event: 4.704 Executing VM operation: HandshakeAllThreads (Deoptimize)
Event: 4.704 Executing VM operation: HandshakeAllThreads (Deoptimize) done
Event: 4.766 Executing VM operation: HandshakeAllThreads (Deoptimize)
Event: 4.766 Executing VM operation: HandshakeAllThreads (Deoptimize) done
Event: 4.767 Executing VM operation: G1CollectForAllocation (G1 Evacuation Pause)
Event: 4.771 Executing VM operation: G1CollectForAllocation (G1 Evacuation Pause) done
Event: 4.897 Executing VM operation: G1CollectForAllocation (G1 Evacuation Pause)
Event: 4.901 Executing VM operation: G1CollectForAllocation (G1 Evacuation Pause) done
Event: 4.996 Executing VM operation: G1CollectForAllocation (G1 Evacuation Pause)
Event: 4.999 Executing VM operation: G1CollectForAllocation (G1 Evacuation Pause) done
Event: 5.013 Executing VM operation: G1PauseRemark
Event: 5.018 Executing VM operation: G1PauseRemark done
Event: 5.027 Executing VM operation: G1PauseCleanup
Event: 5.028 Executing VM operation: G1PauseCleanup done
Event: 5.131 Executing VM operation: HandshakeAllThreads (Deoptimize)
Event: 5.131 Executing VM operation: HandshakeAllThreads (Deoptimize) done
Event: 5.282 Executing VM operation: HandshakeAllThreads (Deoptimize)
Event: 5.282 Executing VM operation: HandshakeAllThreads (Deoptimize) done
Event: 5.287 Executing VM operation: G1CollectForAllocation (G1 Evacuation Pause)

Events (20 events):
Event: 5.018 Thread 0x000001c42edd0de0 flushing nmethod 0x000001c42699dd90
Event: 5.018 Thread 0x000001c42edd0de0 flushing nmethod 0x000001c42699e090
Event: 5.018 Thread 0x000001c42edd0de0 flushing nmethod 0x000001c4269df610
Event: 5.018 Thread 0x000001c42edd0de0 flushing nmethod 0x000001c426a0d090
Event: 5.018 Thread 0x000001c42edd0de0 flushing nmethod 0x000001c426a0d390
Event: 5.018 Thread 0x000001c42edd0de0 flushing nmethod 0x000001c426a0e010
Event: 5.018 Thread 0x000001c42edd0de0 flushing nmethod 0x000001c426a0ee90
Event: 5.018 Thread 0x000001c42edd0de0 flushing nmethod 0x000001c426a0f310
Event: 5.018 Thread 0x000001c42edd0de0 flushing nmethod 0x000001c426a10690
Event: 5.018 Thread 0x000001c42edd0de0 flushing nmethod 0x000001c426a10990
Event: 5.018 Thread 0x000001c42edd0de0 flushing nmethod 0x000001c426a8bf90
Event: 5.018 Thread 0x000001c42edd0de0 flushing nmethod 0x000001c426a8c990
Event: 5.018 Thread 0x000001c42edd0de0 flushing nmethod 0x000001c426a8d690
Event: 5.018 Thread 0x000001c42edd0de0 flushing nmethod 0x000001c426a8e410
Event: 5.018 Thread 0x000001c42edd0de0 flushing nmethod 0x000001c426a8eb90
Event: 5.018 Thread 0x000001c42edd0de0 flushing nmethod 0x000001c426ee0290
Event: 5.018 Thread 0x000001c42edd0de0 flushing nmethod 0x000001c426ee4d90
Event: 5.018 Thread 0x000001c42edd0de0 flushing nmethod 0x000001c426efee90
Event: 5.136 Thread 0x000001c4763976e0 Thread added: 0x000001c4763976e0
Event: 5.141 Thread 0x000001c4763976e0 Thread exited: 0x000001c4763976e0


Dynamic libraries:
0x00007ff6eba20000 - 0x00007ff6eba30000 	D:\Downloads\jdk-21.0.4_windows-x64_bin\jdk-21.0.4\bin\java.exe
0x00007ff822490000 - 0x00007ff8226a7000 	C:\windows\SYSTEM32\ntdll.dll
0x00007ff821bd0000 - 0x00007ff821c94000 	C:\windows\System32\KERNEL32.DLL
0x00007ff81fe10000 - 0x00007ff8201bd000 	C:\windows\System32\KERNELBASE.dll
0x00007ff81f920000 - 0x00007ff81fa31000 	C:\windows\System32\ucrtbase.dll
0x00007ff8181b0000 - 0x00007ff8181c9000 	D:\Downloads\jdk-21.0.4_windows-x64_bin\jdk-21.0.4\bin\jli.dll
0x00007ff818190000 - 0x00007ff8181ab000 	D:\Downloads\jdk-21.0.4_windows-x64_bin\jdk-21.0.4\bin\VCRUNTIME140.dll
0x00007ff821b10000 - 0x00007ff821bc2000 	C:\windows\System32\ADVAPI32.dll
0x00007ff820a60000 - 0x00007ff820b07000 	C:\windows\System32\msvcrt.dll
0x00007ff8210a0000 - 0x00007ff821149000 	C:\windows\System32\sechost.dll
0x00007ff81fd40000 - 0x00007ff81fd68000 	C:\windows\System32\bcrypt.dll
0x00007ff822180000 - 0x00007ff822294000 	C:\windows\System32\RPCRT4.dll
0x00007ff820ef0000 - 0x00007ff82109e000 	C:\windows\System32\USER32.dll
0x00007ff81fb00000 - 0x00007ff81fb26000 	C:\windows\System32\win32u.dll
0x00007ff820ec0000 - 0x00007ff820ee9000 	C:\windows\System32\GDI32.dll
0x00007ff800710000 - 0x00007ff8009a3000 	C:\windows\WinSxS\amd64_microsoft.windows.common-controls_6595b64144ccf1df_6.0.22621.3672_none_2713b9d173822955\COMCTL32.dll
0x00007ff81fba0000 - 0x00007ff81fcb9000 	C:\windows\System32\gdi32full.dll
0x00007ff81fd70000 - 0x00007ff81fe0a000 	C:\windows\System32\msvcp_win.dll
0x00007ff81f310000 - 0x00007ff81f31a000 	C:\windows\SYSTEM32\VERSION.dll
0x00007ff821cb0000 - 0x00007ff821ce1000 	C:\windows\System32\IMM32.DLL
0x000000005c910000 - 0x000000005c91c000 	C:\Program Files (x86)\360\Total Security\safemon\SafeWrapper.dll
0x00007fffee0c0000 - 0x00007fffee16c000 	C:\Program Files (x86)\360\Total Security\safemon\libzdtp64.dll
0x00007ff8212a0000 - 0x00007ff821b08000 	C:\windows\System32\SHELL32.dll
0x00007ff820960000 - 0x00007ff8209be000 	C:\windows\System32\SHLWAPI.dll
0x00007ff818180000 - 0x00007ff81818c000 	D:\Downloads\jdk-21.0.4_windows-x64_bin\jdk-21.0.4\bin\vcruntime140_1.dll
0x00007ff80c9b0000 - 0x00007ff80ca3e000 	D:\Downloads\jdk-21.0.4_windows-x64_bin\jdk-21.0.4\bin\msvcp140.dll
0x00007fffdbcf0000 - 0x00007fffdca03000 	D:\Downloads\jdk-21.0.4_windows-x64_bin\jdk-21.0.4\bin\server\jvm.dll
0x00007ff8209e0000 - 0x00007ff820a51000 	C:\windows\System32\WS2_32.dll
0x00007ff81f570000 - 0x00007ff81f5bd000 	C:\windows\SYSTEM32\POWRPROF.dll
0x00007ff8165c0000 - 0x00007ff8165f4000 	C:\windows\SYSTEM32\WINMM.dll
0x00007ff81f450000 - 0x00007ff81f463000 	C:\windows\SYSTEM32\UMPDC.dll
0x00007ff81e740000 - 0x00007ff81e758000 	C:\windows\SYSTEM32\kernel.appcore.dll
0x00007ff818160000 - 0x00007ff81816a000 	D:\Downloads\jdk-21.0.4_windows-x64_bin\jdk-21.0.4\bin\jimage.dll
0x00007ff81d320000 - 0x00007ff81d552000 	C:\windows\SYSTEM32\DBGHELP.DLL
0x00007ff8201c0000 - 0x00007ff82054d000 	C:\windows\System32\combase.dll
0x00007ff8211c0000 - 0x00007ff821297000 	C:\windows\System32\OLEAUT32.dll
0x00007ff800050000 - 0x00007ff800082000 	C:\windows\SYSTEM32\dbgcore.DLL
0x00007ff81fcc0000 - 0x00007ff81fd3b000 	C:\windows\System32\bcryptPrimitives.dll
0x00007ff8180e0000 - 0x00007ff8180ef000 	D:\Downloads\jdk-21.0.4_windows-x64_bin\jdk-21.0.4\bin\instrument.dll
0x00007ff8180a0000 - 0x00007ff8180bf000 	D:\Downloads\jdk-21.0.4_windows-x64_bin\jdk-21.0.4\bin\java.dll
0x00007ff81d560000 - 0x00007ff81de5e000 	C:\windows\SYSTEM32\windows.storage.dll
0x00007ff81d1e0000 - 0x00007ff81d31f000 	C:\windows\SYSTEM32\wintypes.dll
0x00007ff820b10000 - 0x00007ff820c09000 	C:\windows\System32\SHCORE.dll
0x00007ff81f6e0000 - 0x00007ff81f701000 	C:\windows\SYSTEM32\profapi.dll
0x00007ff817b20000 - 0x00007ff817b38000 	D:\Downloads\jdk-21.0.4_windows-x64_bin\jdk-21.0.4\bin\zip.dll
0x00007ff818140000 - 0x00007ff818150000 	D:\Downloads\jdk-21.0.4_windows-x64_bin\jdk-21.0.4\bin\net.dll
0x00007ff817f60000 - 0x00007ff818096000 	C:\windows\SYSTEM32\WINHTTP.dll
0x00007ff81ebc0000 - 0x00007ff81ec29000 	C:\windows\system32\mswsock.dll
0x00007ff818120000 - 0x00007ff818136000 	D:\Downloads\jdk-21.0.4_windows-x64_bin\jdk-21.0.4\bin\nio.dll
0x00007ff816830000 - 0x00007ff81684a000 	D:\Downloads\IntelliJ IDEA 2024.2.3\bin\breakgen64.dll
0x00007ff816560000 - 0x00007ff816569000 	D:\Downloads\jdk-21.0.4_windows-x64_bin\jdk-21.0.4\bin\extnet.dll
0x00007ff81e210000 - 0x00007ff81e308000 	C:\windows\SYSTEM32\DNSAPI.dll
0x00007ff81e1a0000 - 0x00007ff81e1cd000 	C:\windows\SYSTEM32\IPHLPAPI.DLL
0x00007ff820eb0000 - 0x00007ff820eb9000 	C:\windows\System32\NSI.dll
0x000000005c940000 - 0x000000005c975000 	C:\Program Files\Bonjour\mdnsNSP.dll
0x00007ff816660000 - 0x00007ff81666a000 	C:\Windows\System32\rasadhlp.dll
0x00007ff815f20000 - 0x00007ff815fa3000 	C:\windows\System32\fwpuclnt.dll
0x00007ff817b10000 - 0x00007ff817b1a000 	D:\Downloads\jdk-21.0.4_windows-x64_bin\jdk-21.0.4\bin\management.dll
0x00007ff816720000 - 0x00007ff81672b000 	D:\Downloads\jdk-21.0.4_windows-x64_bin\jdk-21.0.4\bin\management_ext.dll
0x00007ff820950000 - 0x00007ff820958000 	C:\windows\System32\PSAPI.DLL
0x00007ff81ee40000 - 0x00007ff81ee5b000 	C:\windows\SYSTEM32\CRYPTSP.dll
0x00007ff81e6a0000 - 0x00007ff81e6d5000 	C:\windows\system32\rsaenh.dll
0x00007ff81ece0000 - 0x00007ff81ed08000 	C:\windows\SYSTEM32\USERENV.dll
0x00007ff81ee60000 - 0x00007ff81ee6c000 	C:\windows\SYSTEM32\CRYPTBASE.dll
0x00007ffff9d10000 - 0x00007ffff9d27000 	C:\windows\system32\napinsp.dll
0x00007ffff7bd0000 - 0x00007ffff7beb000 	C:\windows\system32\pnrpnsp.dll
0x00007ffff7bb0000 - 0x00007ffff7bc1000 	C:\windows\System32\winrnr.dll
0x00007ffff7b90000 - 0x00007ffff7ba5000 	C:\windows\system32\wshbth.dll
0x00007ffff7b60000 - 0x00007ffff7b87000 	C:\windows\system32\nlansp_c.dll
0x00007ff815b30000 - 0x00007ff815b3e000 	D:\Downloads\jdk-21.0.4_windows-x64_bin\jdk-21.0.4\bin\sunmscapi.dll
0x00007ff81f7b0000 - 0x00007ff81f917000 	C:\windows\System32\CRYPT32.dll
0x00007ff81f000000 - 0x00007ff81f02e000 	C:\windows\SYSTEM32\ncrypt.dll
0x00007ff81efc0000 - 0x00007ff81eff7000 	C:\windows\SYSTEM32\NTASN1.dll
0x00007ff815ad0000 - 0x00007ff815ae0000 	D:\Downloads\jdk-21.0.4_windows-x64_bin\jdk-21.0.4\bin\verify.dll

dbghelp: loaded successfully - version: 4.0.5 - missing functions: none
symbol engine: initialized successfully - sym options: 0x614 - pdb path: .;D:\Downloads\jdk-21.0.4_windows-x64_bin\jdk-21.0.4\bin;C:\windows\SYSTEM32;C:\windows\WinSxS\amd64_microsoft.windows.common-controls_6595b64144ccf1df_6.0.22621.3672_none_2713b9d173822955;C:\Program Files (x86)\360\Total Security\safemon;D:\Downloads\jdk-21.0.4_windows-x64_bin\jdk-21.0.4\bin\server;D:\Downloads\IntelliJ IDEA 2024.2.3\bin;C:\Program Files\Bonjour

VM Arguments:
jvm_args: -XX:TieredStopAtLevel=1 -Dspring.output.ansi.enabled=always -Dcom.sun.management.jmxremote -Dspring.jmx.enabled=true -Dspring.liveBeansView.mbeanDomain -Dspring.application.admin.enabled=true -Dmanagement.endpoints.jmx.exposure.include=* -javaagent:D:\Downloads\IntelliJ IDEA 2024.2.3\lib\idea_rt.jar=52851:D:\Downloads\IntelliJ IDEA 2024.2.3\bin -Dfile.encoding=UTF-8 -Dsun.stdout.encoding=UTF-8 -Dsun.stderr.encoding=UTF-8 
java_command: SE2.flightBooking.FlightBookingApplication
java_class_path (initial): D:\Downloads\Vietjet\target\classes;C:\Users\yenkh\.m2\repository\org\springframework\boot\spring-boot-starter-data-jpa\3.4.3\spring-boot-starter-data-jpa-3.4.3.jar;C:\Users\yenkh\.m2\repository\org\springframework\boot\spring-boot-starter\3.4.3\spring-boot-starter-3.4.3.jar;C:\Users\yenkh\.m2\repository\org\springframework\boot\spring-boot-starter-logging\3.4.3\spring-boot-starter-logging-3.4.3.jar;C:\Users\yenkh\.m2\repository\ch\qos\logback\logback-classic\1.5.16\logback-classic-1.5.16.jar;C:\Users\yenkh\.m2\repository\ch\qos\logback\logback-core\1.5.16\logback-core-1.5.16.jar;C:\Users\yenkh\.m2\repository\org\apache\logging\log4j\log4j-to-slf4j\2.24.3\log4j-to-slf4j-2.24.3.jar;C:\Users\yenkh\.m2\repository\org\apache\logging\log4j\log4j-api\2.24.3\log4j-api-2.24.3.jar;C:\Users\yenkh\.m2\repository\org\slf4j\jul-to-slf4j\2.0.16\jul-to-slf4j-2.0.16.jar;C:\Users\yenkh\.m2\repository\jakarta\annotation\jakarta.annotation-api\2.1.1\jakarta.annotation-api-2.1.1.jar;C:\Users\yenkh\.m2\repository\org\yaml\snakeyaml\2.3\snakeyaml-2.3.jar;C:\Users\yenkh\.m2\repository\org\springframework\boot\spring-boot-starter-jdbc\3.4.3\spring-boot-starter-jdbc-3.4.3.jar;C:\Users\yenkh\.m2\repository\com\zaxxer\HikariCP\5.1.0\HikariCP-5.1.0.jar;C:\Users\yenkh\.m2\repository\org\springframework\spring-jdbc\6.2.3\spring-jdbc-6.2.3.jar;C:\Users\yenkh\.m2\repository\org\hibernate\orm\hibernate-core\6.6.8.Final\hibernate-core-6.6.8.Final.jar;C:\Users\yenkh\.m2\repository\jakarta\persistence\jakarta.persistence-api\3.1.0\jakarta.persistence-api-3.1.0.jar;C:\Users\yenkh\.m2\repository\jakarta\transaction\jakarta.transaction-api\2.0.1\jakarta.transaction-api-2.0.1.jar;C:\Users\yenkh\.m2\repository\org\jboss\logging\jboss-logging\3.6.1.Final\jboss-logging-3.6.1.Final.jar;C:\Users\yenkh\.m2\repository\org\hibernate\common\hibernate-commons-annotations\7.0.3.Final\hibernate-commons-annotations-7.0.3.Final.jar;C:\Users\yenkh\.m2\repository\io\smallrye\jandex\3.2.0\jandex-3.2.0.jar;C:\Users\yenkh\.m2\repository\com\fasterxml\classmate\1.7.0\classmate-1.7.0.jar;C:\Users\yenkh\.m2\repository\net\bytebuddy\byte-buddy\1.15.11\byte-buddy-1.15.11.jar;C:\Users\yenkh\.m2\repository\org\glassfish\jaxb\jaxb-runtime\4.0.5\jaxb-runtime-4.0.5.jar;C:\Users\yenkh\.m2\repository\org\glassfish\jaxb\jaxb-core\4.0.5\jaxb-core-4.0.5.jar;C:\Users\yenkh\.m2\repository\org\eclipse\angus\angus-activation\2.0.2\angus-activation-2.0.2.jar;C:\Users\yenkh\.m2\repository\org\glassfish\jaxb\txw2\4.0.5\txw2-4.0.5.jar;C:\Users\yenkh\.m2\repository\com\sun\istack\istack-commons-runtime\4.1.2\istack-commons-runtime-4.1.2.jar;C:\Users\yenkh\.m2\repository\jakarta\inject\jakarta.inject-api\2.0.1\jakarta.inject-api-2.0.1.jar;C:\Users\yenkh\.m2\repository\org\antlr\antlr4-runtime\4.13.0\antlr4-runtime-4.13.0.jar;C:\Users\yenkh\.m2\repository\org\springframework\data\spring-data-jpa\3.4.3\spring-data-jpa-3.4.3.jar;C:\Users\yenkh\.m2\repository\org\springframework\data\spring-data-commons\3.4.3\spring-data-commons-3.4.3.jar;C:\Users\yenkh\.m2\repository\org\springframework\spring-orm\6.2.3\spring-orm-6.2.3.jar;C:\Users\yenkh\.m2\repository\org\springframework\spring-context\6.2.3\spring-context-6.2.3.jar;C:\Users\yenkh\.m2\repository\org\springframework\spring-tx\6.2.3\spring-tx-6.2.3.jar;C:\Users\yenkh\.m2\repository\org\springframework\spring-beans\6.2.3\spring-beans-6.2.3.jar;C:\Users\yenkh\.m2\repository\org\springframework\spring-aspects\6.2.3\spring-aspects-6.2.3.jar;C:\Users\yenkh\.m2\repository\org\aspectj\aspectjweaver\1.9.22.1\aspectjweaver-1.9.22.1.jar;C:\Users\yenkh\.m2\repository\org\springframework\boot\spring-boot-starter-security\3.4.3\spring-boot-starter-security-3.4.3.jar;C:\Users\yenkh\.m2\repository\org\springframework\spring-aop\6.2.3\spring-aop-6.2.3.jar;C:\Users\yenkh\.m2\repository\org\springframework\security\spring-security-config\6.4.3\spring-security-config-6.4.3.jar;C:\Users\yenkh\.m2\repository\org\springframework\security\spring-security-web\6.4.3\spring-security-web-6.4.3.jar;C:\Users\yenkh\.m2\repository\org\springframework\spring-expression\6.2.3\spring-expression-6.2.3.jar;C:\Users\yenkh\.m2\repository\org\springframework\boot\spring-boot-starter-thymeleaf\3.4.3\spring-boot-starter-thymeleaf-3.4.3.jar;C:\Users\yenkh\.m2\repository\org\thymeleaf\thymeleaf-spring6\3.1.3.RELEASE\thymeleaf-spring6-3.1.3.RELEASE.jar;C:\Users\yenkh\.m2\repository\org\thymeleaf\thymeleaf\3.1.3.RELEASE\thymeleaf-3.1.3.RELEASE.jar;C:\Users\yenkh\.m2\repository\org\attoparser\attoparser\2.0.7.RELEASE\attoparser-2.0.7.RELEASE.jar;C:\Users\yenkh\.m2\repository\org\unbescape\unbescape\1.1.6.RELEASE\unbescape-1.1.6.RELEASE.jar;C:\Users\yenkh\.m2\repository\org\springframework\boot\spring-boot-starter-validation\3.4.3\spring-boot-starter-validation-3.4.3.jar;C:\Users\yenkh\.m2\repository\org\apache\tomcat\embed\tomcat-embed-el\10.1.36\tomcat-embed-el-10.1.36.jar;C:\Users\yenkh\.m2\repository\org\hibernate\validator\hibernate-validator\8.0.2.Final\hibernate-validator-8.0.2.Final.jar;C:\Users\yenkh\.m2\repository\jakarta\validation\jakarta.validation-api\3.0.2\jakarta.validation-api-3.0.2.jar;C:\Users\yenkh\.m2\repository\org\springframework\boot\spring-boot-starter-web\3.4.3\spring-boot-starter-web-3.4.3.jar;C:\Users\yenkh\.m2\repository\org\springframework\boot\spring-boot-starter-json\3.4.3\spring-boot-starter-json-3.4.3.jar;C:\Users\yenkh\.m2\repository\com\fasterxml\jackson\core\jackson-databind\2.18.2\jackson-databind-2.18.2.jar;C:\Users\yenkh\.m2\repository\com\fasterxml\jackson\core\jackson-annotations\2.18.2\jackson-annotations-2.18.2.jar;C:\Users\yenkh\.m2\repository\com\fasterxml\jackson\core\jackson-core\2.18.2\jackson-core-2.18.2.jar;C:\Users\yenkh\.m2\repository\com\fasterxml\jackson\datatype\jackson-datatype-jdk8\2.18.2\jackson-datatype-jdk8-2.18.2.jar;C:\Users\yenkh\.m2\repository\com\fasterxml\jackson\datatype\jackson-datatype-jsr310\2.18.2\jackson-datatype-jsr310-2.18.2.jar;C:\Users\yenkh\.m2\repository\com\fasterxml\jackson\module\jackson-module-parameter-names\2.18.2\jackson-module-parameter-names-2.18.2.jar;C:\Users\yenkh\.m2\repository\org\springframework\boot\spring-boot-starter-tomcat\3.4.3\spring-boot-starter-tomcat-3.4.3.jar;C:\Users\yenkh\.m2\repository\org\apache\tomcat\embed\tomcat-embed-core\10.1.36\tomcat-embed-core-10.1.36.jar;C:\Users\yenkh\.m2\repository\org\apache\tomcat\embed\tomcat-embed-websocket\10.1.36\tomcat-embed-websocket-10.1.36.jar;C:\Users\yenkh\.m2\repository\org\springframework\spring-web\6.2.3\spring-web-6.2.3.jar;C:\Users\yenkh\.m2\repository\io\micrometer\micrometer-observation\1.14.4\micrometer-observation-1.14.4.jar;C:\Users\yenkh\.m2\repository\io\micrometer\micrometer-commons\1.14.4\micrometer-commons-1.14.4.jar;C:\Users\yenkh\.m2\repository\org\springframework\spring-webmvc\6.2.3\spring-webmvc-6.2.3.jar;C:\Users\yenkh\.m2\repository\org\thymeleaf\extras\thymeleaf-extras-springsecurity6\3.1.3.RELEASE\thymeleaf-extras-springsecurity6-3.1.3.RELEASE.jar;C:\Users\yenkh\.m2\repository\org\slf4j\slf4j-api\2.0.16\slf4j-api-2.0.16.jar;C:\Users\yenkh\.m2\repository\org\springframework\boot\spring-boot-devtools\3.4.3\spring-boot-devtools-3.4.3.jar;C:\Users\yenkh\.m2\repository\org\springframework\boot\spring-boot\3.4.3\spring-boot-3.4.3.jar;C:\Users\yenkh\.m2\repository\org\springframework\boot\spring-boot-autoconfigure\3.4.3\spring-boot-autoconfigure-3.4.3.jar;C:\Users\yenkh\.m2\repository\com\mysql\mysql-connector-j\9.1.0\mysql-connector-j-9.1.0.jar;C:\Users\yenkh\.m2\repository\jakarta\xml\bind\jakarta.xml.bind-api\4.0.2\jakarta.xml.bind-api-4.0.2.jar;C:\Users\yenkh\.m2\repository\jakarta\activation\jakarta.activation-api\2.1.3\jakarta.activation-api-2.1.3.jar;C:\Users\yenkh\.m2\repository\org\springframework\spring-core\6.2.3\spring-core-6.2.3.jar;C:\Users\yenkh\.m2\repository\org\springframework\spring-jcl\6.2.3\spring-jcl-6.2.3.jar;C:\Users\yenkh\.m2\repository\org\springframework\security\spring-security-core\6.4.3\spring-security-core-6.4.3.jar;C:\Users\yenkh\.m2\repository\org\springframework\security\spring-security-crypto\6.4.3\spring-security-crypto-6.4.3.jar;C:\Users\yenkh\.m2\repository\javax\servlet\javax.servlet-api\4.0.1\javax.servlet-api-4.0.1.jar
Launcher Type: SUN_STANDARD

[Global flags]
     intx CICompilerCount                          = 12                                        {product} {ergonomic}
     uint ConcGCThreads                            = 3                                         {product} {ergonomic}
     uint G1ConcRefinementThreads                  = 13                                        {product} {ergonomic}
   size_t G1HeapRegionSize                         = 1048576                                   {product} {ergonomic}
    uintx GCDrainStackTargetSize                   = 64                                        {product} {ergonomic}
   size_t InitialHeapSize                          = 130023424                                 {product} {ergonomic}
     bool ManagementServer                         = true                                      {product} {command line}
   size_t MarkStackSize                            = 4194304                                   {product} {ergonomic}
   size_t MaxHeapSize                              = 2061500416                                {product} {ergonomic}
   size_t MaxNewSize                               = 1236271104                                {product} {ergonomic}
   size_t MinHeapDeltaBytes                        = 1048576                                   {product} {ergonomic}
   size_t MinHeapSize                              = 8388608                                   {product} {ergonomic}
    uintx NonNMethodCodeHeapSize                   = 4096                                   {pd product} {ergonomic}
    uintx NonProfiledCodeHeapSize                  = 0                                      {pd product} {ergonomic}
     bool ProfileInterpreter                       = false                                  {pd product} {command line}
    uintx ProfiledCodeHeapSize                     = 0                                      {pd product} {ergonomic}
   size_t SoftMaxHeapSize                          = 2061500416                             {manageable} {ergonomic}
     intx TieredStopAtLevel                        = 1                                         {product} {command line}
     bool UseCompressedOops                        = true                           {product lp64_product} {ergonomic}
     bool UseG1GC                                  = true                                      {product} {ergonomic}
     bool UseLargePagesIndividualAllocation        = false                                  {pd product} {ergonomic}

Logging:
Log output configuration:
 #0: stdout all=warning uptime,level,tags foldmultilines=false
 #1: stderr all=off uptime,level,tags foldmultilines=false

Environment Variables:
JAVA_HOME=D:\Downloads\jdk-21.0.4_windows-x64_bin\jdk-21.0.4
PATH=%JAVA_HOME%\bin;%M2_HOME%\bin;C:\windows\system32;C:\windows;C:\windows\System32\Wbem;C:\windows\System32\WindowsPowerShell\v1.0\;C:\windows\System32\OpenSSH\;C:\Program Files (x86)\Microsoft SQL Server\160\Tools\Binn\;C:\Program Files\Microsoft SQL Server\160\Tools\Binn\;C:\Program Files\Microsoft SQL Server\Client SDK\ODBC\170\Tools\Binn\;C:\Program Files\Microsoft SQL Server\160\DTS\Binn\;C:\Program Files\nodejs\;D:\Git\cmd;D:\Downloads\jdk-21.0.4_windows-x64_bin\jdk-21.0.4\bin;C:\Program Files\MySQL\MySQL Server 8.0\bin;C:\Program Files\MySQL\MySQL Shell 8.0\bin\;C:\Users\yenkh\AppData\Local\Microsoft\WindowsApps;C:\Users\yenkh\AppData\Local\Programs\Microsoft VS Code\bin;C:\Users\yenkh\AppData\Roaming\npm;D:\Python\pythonProject\.venv\Scripts;D:\Downloads\apache-maven-3.9.9-bin\apache-maven-3.9.9\bin
USERNAME=yenkh
OS=Windows_NT
PROCESSOR_IDENTIFIER=Intel64 Family 6 Model 154 Stepping 3, GenuineIntel
TMP=C:\Users\yenkh\AppData\Local\Temp
TEMP=C:\Users\yenkh\AppData\Local\Temp




Periodic native trim disabled

---------------  S Y S T E M  ---------------

OS:
 Windows 11 , 64 bit Build 22621 (10.0.22621.3958)
OS uptime: 0 days 17:51 hours
Hyper-V role detected

CPU: total 16 (initial active 16) (8 cores per cpu, 2 threads per core) family 6 model 154 stepping 3 microcode 0x42c, cx8, cmov, fxsr, ht, mmx, 3dnowpref, sse, sse2, sse3, ssse3, sse4.1, sse4.2, popcnt, lzcnt, tsc, tscinvbit, avx, avx2, aes, erms, clmul, bmi1, bmi2, adx, sha, fma, vzeroupper, clflush, clflushopt, clwb, hv, serialize, rdtscp, rdpid, fsrm, f16c, cet_ibt, cet_ss
Processor Information for processor 0
  Max Mhz: 1700, Current Mhz: 1700, Mhz Limit: 1700
Processor Information for processor 1
  Max Mhz: 1700, Current Mhz: 1700, Mhz Limit: 1700
Processor Information for processor 2
  Max Mhz: 1700, Current Mhz: 1457, Mhz Limit: 1700
Processor Information for processor 3
  Max Mhz: 1700, Current Mhz: 1700, Mhz Limit: 1700
Processor Information for processor 4
  Max Mhz: 1700, Current Mhz: 1700, Mhz Limit: 1700
Processor Information for processor 5
  Max Mhz: 1700, Current Mhz: 1700, Mhz Limit: 1700
Processor Information for processor 6
  Max Mhz: 1700, Current Mhz: 1700, Mhz Limit: 1700
Processor Information for processor 7
  Max Mhz: 1700, Current Mhz: 1700, Mhz Limit: 1700
Processor Information for processor 8
  Max Mhz: 1700, Current Mhz: 1200, Mhz Limit: 1190
Processor Information for processor 9
  Max Mhz: 1700, Current Mhz: 1200, Mhz Limit: 1190
Processor Information for processor 10
  Max Mhz: 1700, Current Mhz: 1200, Mhz Limit: 1190
Processor Information for processor 11
  Max Mhz: 1700, Current Mhz: 1200, Mhz Limit: 1190
Processor Information for processor 12
  Max Mhz: 1700, Current Mhz: 1200, Mhz Limit: 1190
Processor Information for processor 13
  Max Mhz: 1700, Current Mhz: 1200, Mhz Limit: 1190
Processor Information for processor 14
  Max Mhz: 1700, Current Mhz: 1200, Mhz Limit: 1190
Processor Information for processor 15
  Max Mhz: 1700, Current Mhz: 1200, Mhz Limit: 1190

Memory: 4k page, system-wide physical 7860M (377M free)
TotalPageFile size 18800M (AvailPageFile size 5M)
current process WorkingSet (physical memory assigned to process): 246M, peak: 246M
current process commit charge ("private bytes"): 296M, peak: 310M

vm_info: Java HotSpot(TM) 64-Bit Server VM (21.0.4+8-LTS-274) for windows-amd64 JRE (21.0.4+8-LTS-274), built on 2024-06-05T05:23:33Z by "mach5one" with MS VC++ 17.6 (VS2022)

END.
