#
# There is insufficient memory for the Java Runtime Environment to continue.
# Native memory allocation (malloc) failed to allocate 1048576 bytes. Error detail: AllocateHeap
# Possible reasons:
#   The system is out of physical RAM or swap space
#   This process is running with CompressedOops enabled, and the Java Heap may be blocking the growth of the native heap
# Possible solutions:
#   Reduce memory load on the system
#   Increase physical memory or swap space
#   Check if swap backing store is full
#   Decrease Java heap size (-Xmx/-Xms)
#   Decrease number of Java threads
#   Decrease Java thread stack sizes (-Xss)
#   Set larger code cache with -XX:ReservedCodeCacheSize=
#   JVM is running with Unscaled Compressed Oops mode in which the Java heap is
#     placed in the first 4GB address space. The Java Heap base address is the
#     maximum limit for the native heap growth. Please use -XX:HeapBaseMinAddress
#     to set the Java Heap base and to place the Java Heap above 4GB virtual address.
# This output file may be truncated or incomplete.
#
#  Out of Memory Error (allocation.cpp:44), pid=7292, tid=13584
#
# JRE version:  (21.0.4+13) (build )
# Java VM: OpenJDK 64-Bit Server VM (21.0.4+13-b509.17, mixed mode, sharing, tiered, compressed oops, compressed class ptrs, g1 gc, windows-amd64)
# No core dump will be written. Minidumps are not enabled by default on client versions of Windows
#

---------------  S U M M A R Y ------------

Command Line: git4idea.http.GitAskPassApp Username for 'https://github.com': 

Host: 12th Gen Intel(R) Core(TM) i5-1240P, 16 cores, 7G,  Windows 11 , 64 bit Build 22621 (10.0.22621.3958)
Time: Tue Apr 15 12:19:11 2025 SE Asia Standard Time elapsed time: 0.057634 seconds (0d 0h 0m 0s)

---------------  T H R E A D  ---------------

Current thread (0x000002372cafa550):  JavaThread "Unknown thread" [_thread_in_vm, id=13584, stack(0x000000cd3a000000,0x000000cd3a100000) (1024K)]

Stack: [0x000000cd3a000000,0x000000cd3a100000]
Native frames: (J=compiled Java code, j=interpreted, Vv=VM code, C=native code)
V  [jvm.dll+0x6e36d9]
V  [jvm.dll+0x8c0bd3]
V  [jvm.dll+0x8c312e]
V  [jvm.dll+0x8c3813]
V  [jvm.dll+0x288256]
V  [jvm.dll+0xc08b7]
V  [jvm.dll+0x33cf15]
V  [jvm.dll+0x335521]
V  [jvm.dll+0x888039]
V  [jvm.dll+0x3c8ea8]
V  [jvm.dll+0x8711d8]
V  [jvm.dll+0x45d85e]
V  [jvm.dll+0x45f541]
C  [jli.dll+0x52ab]
C  [ucrtbase.dll+0x29333]
C  [KERNEL32.DLL+0x1257d]
C  [ntdll.dll+0x5af28]


---------------  P R O C E S S  ---------------

Threads class SMR info:
_java_thread_list=0x00007ffc511a2108, length=0, elements={
}

Java Threads: ( => current thread )
Total: 0

Other Threads:
  0x000002372eee58f0 WorkerThread "GC Thread#0"                     [id=18784, stack(0x000000cd3a100000,0x000000cd3a200000) (1024K)]

[error occurred during error reporting (printing all threads), id 0xc0000005, EXCEPTION_ACCESS_VIOLATION (0xc0000005) at pc=0x00007ffc50891b00]
VM state: not at safepoint (not fully initialized)

VM Mutex/Monitor currently owned by a thread:  ([mutex/lock_event])
[0x00007ffc51216a48] Heap_lock - owner thread: 0x000002372cafa550

Heap address: 0x0000000085200000, size: 1966 MB, Compressed Oops mode: 32-bit

CDS archive(s) mapped at: [0x0000000000000000-0x0000000000000000-0x0000000000000000), size 0, SharedBaseAddress: 0x0000000800000000, ArchiveRelocationMode: 1.
Narrow klass base: 0x0000000000000000, Narrow klass shift: 0, Narrow klass range: 0x0

GC Precious Log:
 CardTable entry size: 512
 Card Set container configuration: InlinePtr #cards 5 size 8 Array Of Cards #cards 12 size 40 Howl #buckets 4 coarsen threshold 1843 Howl Bitmap #cards 512 size 80 coarsen threshold 460 Card regions per heap region 1 cards per card region 2048

Heap:
 garbage-first heap   total 0K, used 0K [0x0000000085200000, 0x0000000100000000)
  region size 1024K, 0 young (0K), 0 survivors (0K)
 Metaspace       used 0K, committed 0K, reserved 0K
  class space    used 0K, committed 0K, reserved 0K

Heap Regions: E=young(eden), S=young(survivor), O=old, HS=humongous(starts), HC=humongous(continues), CS=collection set, F=free, TAMS=top-at-mark-start, PB=parsable bottom

Card table byte_map: [0x00000237429f0000,0x0000023742dd0000] _byte_map_base: 0x00000237425c7000

GC Heap History (0 events):
No events

Dll operation events (1 events):
Event: 0.043 Loaded shared library D:\Downloads\IntelliJ IDEA 2024.2.3\jbr\bin\java.dll

Deoptimization events (0 events):
No events

Classes loaded (0 events):
No events

Classes unloaded (0 events):
No events

Classes redefined (0 events):
No events

Internal exceptions (0 events):
No events

ZGC Phase Switch (0 events):
No events

VM Operations (0 events):
No events

Memory protections (0 events):
No events

Nmethod flushes (0 events):
No events

Events (0 events):
No events


Dynamic libraries:
0x00007ff75fa00000 - 0x00007ff75fa0a000 	D:\Downloads\IntelliJ IDEA 2024.2.3\jbr\bin\java.exe
0x00007ffcf0730000 - 0x00007ffcf0947000 	C:\windows\SYSTEM32\ntdll.dll
0x00007ffcef4f0000 - 0x00007ffcef5b4000 	C:\windows\System32\KERNEL32.DLL
0x00007ffcee010000 - 0x00007ffcee3bd000 	C:\windows\System32\KERNELBASE.dll
0x00007ffcedef0000 - 0x00007ffcee001000 	C:\windows\System32\ucrtbase.dll
0x00007ffc5e460000 - 0x00007ffc5e47b000 	D:\Downloads\IntelliJ IDEA 2024.2.3\jbr\bin\VCRUNTIME140.dll
0x00007ffcae430000 - 0x00007ffcae448000 	D:\Downloads\IntelliJ IDEA 2024.2.3\jbr\bin\jli.dll
0x00007ffceee30000 - 0x00007ffceefde000 	C:\windows\System32\USER32.dll
0x00007ffceda50000 - 0x00007ffceda76000 	C:\windows\System32\win32u.dll
0x00007ffcf0220000 - 0x00007ffcf0249000 	C:\windows\System32\GDI32.dll
0x00007ffceda80000 - 0x00007ffcedb99000 	C:\windows\System32\gdi32full.dll
0x00007ffcee3c0000 - 0x00007ffcee45a000 	C:\windows\System32\msvcp_win.dll
0x00007ffcd0230000 - 0x00007ffcd04c3000 	C:\windows\WinSxS\amd64_microsoft.windows.common-controls_6595b64144ccf1df_6.0.22621.3672_none_2713b9d173822955\COMCTL32.dll
0x00007ffcefda0000 - 0x00007ffcefe47000 	C:\windows\System32\msvcrt.dll
0x00007ffcf06b0000 - 0x00007ffcf06e1000 	C:\windows\System32\IMM32.DLL
0x000000006c150000 - 0x000000006c15c000 	C:\Program Files (x86)\360\Total Security\safemon\SafeWrapper.dll
0x00007ffcf05f0000 - 0x00007ffcf06a2000 	C:\windows\System32\ADVAPI32.dll
0x00007ffcef5c0000 - 0x00007ffcef669000 	C:\windows\System32\sechost.dll
0x00007ffcedd10000 - 0x00007ffcedd38000 	C:\windows\System32\bcrypt.dll
0x00007ffcf0040000 - 0x00007ffcf0154000 	C:\windows\System32\RPCRT4.dll
0x00007ffcae450000 - 0x00007ffcae4fc000 	C:\Program Files (x86)\360\Total Security\safemon\libzdtp64.dll
0x00007ffcee560000 - 0x00007ffceedc8000 	C:\windows\System32\SHELL32.dll
0x00007ffcefee0000 - 0x00007ffceff3e000 	C:\windows\System32\SHLWAPI.dll
0x00007ffced5b0000 - 0x00007ffced5ba000 	C:\windows\SYSTEM32\VERSION.dll
0x00007ffc60480000 - 0x00007ffc6048c000 	D:\Downloads\IntelliJ IDEA 2024.2.3\jbr\bin\vcruntime140_1.dll
0x00007ffc5af90000 - 0x00007ffc5b01d000 	D:\Downloads\IntelliJ IDEA 2024.2.3\jbr\bin\msvcp140.dll
0x00007ffc50550000 - 0x00007ffc51307000 	D:\Downloads\IntelliJ IDEA 2024.2.3\jbr\bin\server\jvm.dll
0x00007ffcefe50000 - 0x00007ffcefec1000 	C:\windows\System32\WS2_32.dll
0x00007ffce4a90000 - 0x00007ffce4ac4000 	C:\windows\SYSTEM32\WINMM.dll
0x00007ffced8c0000 - 0x00007ffced90d000 	C:\windows\SYSTEM32\POWRPROF.dll
0x00007ffced7f0000 - 0x00007ffced803000 	C:\windows\SYSTEM32\UMPDC.dll
0x00007ffcec9e0000 - 0x00007ffcec9f8000 	C:\windows\SYSTEM32\kernel.appcore.dll
0x00007ffc50540000 - 0x00007ffc5054a000 	D:\Downloads\IntelliJ IDEA 2024.2.3\jbr\bin\jimage.dll
0x00007ffceb300000 - 0x00007ffceb532000 	C:\windows\SYSTEM32\DBGHELP.DLL
0x00007ffcefa00000 - 0x00007ffcefd8d000 	C:\windows\System32\combase.dll
0x00007ffcf0350000 - 0x00007ffcf0427000 	C:\windows\System32\OLEAUT32.dll
0x00007ffcd2b00000 - 0x00007ffcd2b32000 	C:\windows\SYSTEM32\dbgcore.DLL
0x00007ffcede00000 - 0x00007ffcede7b000 	C:\windows\System32\bcryptPrimitives.dll
0x00007ffc50520000 - 0x00007ffc5053f000 	D:\Downloads\IntelliJ IDEA 2024.2.3\jbr\bin\java.dll

dbghelp: loaded successfully - version: 4.0.5 - missing functions: none
symbol engine: initialized successfully - sym options: 0x614 - pdb path: .;D:\Downloads\IntelliJ IDEA 2024.2.3\jbr\bin;C:\windows\SYSTEM32;C:\windows\WinSxS\amd64_microsoft.windows.common-controls_6595b64144ccf1df_6.0.22621.3672_none_2713b9d173822955;C:\Program Files (x86)\360\Total Security\safemon;D:\Downloads\IntelliJ IDEA 2024.2.3\jbr\bin\server

VM Arguments:
java_command: git4idea.http.GitAskPassApp Username for 'https://github.com': 
java_class_path (initial): D:/Downloads/IntelliJ IDEA 2024.2.3/plugins/vcs-git/lib/git4idea-rt.jar;D:/Downloads/IntelliJ IDEA 2024.2.3/lib/externalProcess-rt.jar
Launcher Type: SUN_STANDARD

[Global flags]
     intx CICompilerCount                          = 12                                        {product} {ergonomic}
     uint ConcGCThreads                            = 3                                         {product} {ergonomic}
     uint G1ConcRefinementThreads                  = 13                                        {product} {ergonomic}
   size_t G1HeapRegionSize                         = 1048576                                   {product} {ergonomic}
    uintx GCDrainStackTargetSize                   = 64                                        {product} {ergonomic}
   size_t InitialHeapSize                          = 130023424                                 {product} {ergonomic}
   size_t MarkStackSize                            = 4194304                                   {product} {ergonomic}
   size_t MaxHeapSize                              = 2061500416                                {product} {ergonomic}
   size_t MinHeapDeltaBytes                        = 1048576                                   {product} {ergonomic}
   size_t MinHeapSize                              = 8388608                                   {product} {ergonomic}
    uintx NonNMethodCodeHeapSize                   = 7602480                                {pd product} {ergonomic}
    uintx NonProfiledCodeHeapSize                  = 122027880                              {pd product} {ergonomic}
    uintx ProfiledCodeHeapSize                     = 122027880                              {pd product} {ergonomic}
    uintx ReservedCodeCacheSize                    = 251658240                              {pd product} {ergonomic}
     bool SegmentedCodeCache                       = true                                      {product} {ergonomic}
   size_t SoftMaxHeapSize                          = 2061500416                             {manageable} {ergonomic}
     bool UseCompressedOops                        = true                           {product lp64_product} {ergonomic}
     bool UseG1GC                                  = true                                      {product} {ergonomic}
     bool UseLargePagesIndividualAllocation        = false                                  {pd product} {ergonomic}

Logging:
Log output configuration:
 #0: stdout all=warning uptime,level,tags foldmultilines=false
 #1: stderr all=off uptime,level,tags foldmultilines=false

Environment Variables:
JAVA_HOME=D:\Downloads\jdk-21.0.4_windows-x64_bin\jdk-21.0.4
PATH=D:/Git/mingw64/libexec/git-core;D:/Git/mingw64/libexec/git-core;D:\Git\mingw64\bin;D:\Git\usr\bin;C:\Users\yenkh\bin;%JAVA_HOME%\bin;%M2_HOME%\bin;C:\windows\system32;C:\windows;C:\windows\System32\Wbem;C:\windows\System32\WindowsPowerShell\v1.0\;C:\windows\System32\OpenSSH\;C:\Program Files (x86)\Microsoft SQL Server\160\Tools\Binn\;C:\Program Files\Microsoft SQL Server\160\Tools\Binn\;C:\Program Files\Microsoft SQL Server\Client SDK\ODBC\170\Tools\Binn\;C:\Program Files\Microsoft SQL Server\160\DTS\Binn\;C:\Program Files\nodejs\;D:\Git\cmd;D:\Downloads\jdk-21.0.4_windows-x64_bin\jdk-21.0.4\bin;C:\Program Files\MySQL\MySQL Server 8.0\bin;C:\Program Files\MySQL\MySQL Shell 8.0\bin\;C:\Users\yenkh\AppData\Local\Microsoft\WindowsApps;C:\Users\yenkh\AppData\Local\Programs\Microsoft VS Code\bin;C:\Users\yenkh\AppData\Roaming\npm;D:\Python\pythonProject\.venv\Scripts;D:\Downloads\apache-maven-3.9.9-bin\apache-maven-3.9.9\bin
USERNAME=yenkh
DISPLAY=:0.0
LC_ALL=en_US.UTF-8
TERM=xterm-256color
TMPDIR=C:\Users\yenkh\AppData\Local\Temp
OS=Windows_NT
PROCESSOR_IDENTIFIER=Intel64 Family 6 Model 154 Stepping 3, GenuineIntel
TMP=C:\Users\yenkh\AppData\Local\Temp
TEMP=C:\Users\yenkh\AppData\Local\Temp




Periodic native trim disabled

JNI global refs:
JNI global refs: 0, weak refs: 0

JNI global refs memory usage: 0, weak refs: 0

Process memory usage:
Resident Set Size: 12616K (0% of 8048836K total physical memory with 336340K free physical memory)

OOME stack traces (most recent first):
Classloader memory used:

---------------  S Y S T E M  ---------------

OS:
 Windows 11 , 64 bit Build 22621 (10.0.22621.3958)
OS uptime: 0 days 4:46 hours
Hyper-V role detected

CPU: total 16 (initial active 16) (8 cores per cpu, 2 threads per core) family 6 model 154 stepping 3 microcode 0x42c, cx8, cmov, fxsr, ht, mmx, 3dnowpref, sse, sse2, sse3, ssse3, sse4.1, sse4.2, popcnt, lzcnt, tsc, tscinvbit, avx, avx2, aes, erms, clmul, bmi1, bmi2, adx, sha, fma, vzeroupper, clflush, clflushopt, clwb, hv, serialize, rdtscp, rdpid, fsrm, f16c, cet_ibt, cet_ss
Processor Information for processor 0
  Max Mhz: 1700, Current Mhz: 1700, Mhz Limit: 1700
Processor Information for processor 1
  Max Mhz: 1700, Current Mhz: 1700, Mhz Limit: 1700
Processor Information for processor 2
  Max Mhz: 1700, Current Mhz: 1700, Mhz Limit: 1700
Processor Information for processor 3
  Max Mhz: 1700, Current Mhz: 1700, Mhz Limit: 1700
Processor Information for processor 4
  Max Mhz: 1700, Current Mhz: 1700, Mhz Limit: 1700
Processor Information for processor 5
  Max Mhz: 1700, Current Mhz: 1700, Mhz Limit: 1700
Processor Information for processor 6
  Max Mhz: 1700, Current Mhz: 1700, Mhz Limit: 1700
Processor Information for processor 7
  Max Mhz: 1700, Current Mhz: 1700, Mhz Limit: 1700
Processor Information for processor 8
  Max Mhz: 1700, Current Mhz: 1200, Mhz Limit: 1190
Processor Information for processor 9
  Max Mhz: 1700, Current Mhz: 1200, Mhz Limit: 1190
Processor Information for processor 10
  Max Mhz: 1700, Current Mhz: 1200, Mhz Limit: 1190
Processor Information for processor 11
  Max Mhz: 1700, Current Mhz: 1200, Mhz Limit: 1190
Processor Information for processor 12
  Max Mhz: 1700, Current Mhz: 1200, Mhz Limit: 1190
Processor Information for processor 13
  Max Mhz: 1700, Current Mhz: 1200, Mhz Limit: 1190
Processor Information for processor 14
  Max Mhz: 1700, Current Mhz: 1200, Mhz Limit: 1190
Processor Information for processor 15
  Max Mhz: 1700, Current Mhz: 1200, Mhz Limit: 1190

Memory: 4k page, system-wide physical 7860M (328M free)
TotalPageFile size 14170M (AvailPageFile size 20M)
current process WorkingSet (physical memory assigned to process): 12M, peak: 12M
current process commit charge ("private bytes"): 57M, peak: 58M

vm_info: OpenJDK 64-Bit Server VM (21.0.4+13-b509.17) for windows-amd64 JRE (21.0.4+13-b509.17), built on 2024-09-04 by "builduser" with MS VC++ 16.10 / 16.11 (VS2019)

END.
